4239  [080eca48] select(1, [0], NULL, NULL, {29, 80656}) = ? ERESTARTNOHAND (To be restarted)
4239  [080eca48] --- SIGALRM (Alarm clock) @ 0 (0) ---
4239  [080b5a7f] rt_sigaction(SIGALRM, {0x804d520, [], SA_INTERRUPT}, NULL, 8) = 0
4239  [080b5a7f] rt_sigaction(SIGALRM, NULL, {0x804d520, [], SA_INTERRUPT}, 8) = 0
4239  [080b5a7f] rt_sigaction(SIGALRM, {0x804d520, [], SA_INTERRUPT}, NULL, 8) = 0
4239  [080cbba0] time(NULL)             = 1407444635
4239  [080d2e1d] alarm(30)              = 0
4239  [0090e408] sigreturn()            = ? (mask now [])
4239  [080b5b99] rt_sigprocmask(SIG_BLOCK, [HUP INT QUIT BUS USR1 ALRM TERM CHLD IO], NULL, 8) = 0
4239  [080eca48] select(0, NULL, NULL, NULL, {0, 200000}) = 0 (Timeout)
4239  [080b5b99] rt_sigprocmask(SIG_UNBLOCK, [HUP INT QUIT BUS USR1 ALRM TERM CHLD IO], NULL, 8) = 0
4239  [080d2e1d] alarm(0)               = 30
4239  [080cbba0] time(NULL)             = 1407444635
4239  [080b5b99] rt_sigprocmask(SIG_BLOCK, [HUP INT QUIT BUS USR1 ALRM TERM CHLD IO], NULL, 8) = 0
4239  [080ec87e] setresuid32(-1, 0, -1) = 0
4239  [080ec90e] setresgid32(-1, 0, -1) = 0
4239  [080b5b99] rt_sigprocmask(SIG_UNBLOCK, [HUP INT QUIT BUS USR1 ALRM TERM CHLD IO], NULL, 8) = 0
4239  [080eb965] open("/usr/local/var/proftpd.scoreboard", O_RDWR|O_LARGEFILE) = 2
4239  [080b5b99] rt_sigprocmask(SIG_BLOCK, [HUP INT QUIT BUS USR1 ALRM TERM CHLD IO], NULL, 8) = 0
4239  [080d314a] geteuid32()            = 0
4239  [080ec90e] setresgid32(-1, 65534, -1) = 0
4239  [080ec87e] setresuid32(-1, 65534, -1) = 0
4239  [080b5b99] rt_sigprocmask(SIG_UNBLOCK, [HUP INT QUIT BUS USR1 ALRM TERM CHLD IO], NULL, 8) = 0
4239  [080ebb56] fcntl64(2, F_SETLKW64, {type=F_WRLCK, whence=SEEK_SET, start=0, len=0}, 0xbfbe3600) = 0
4239  [080ee5d4] _llseek(2, 16, [16], SEEK_SET) = 0
4239  [080d3277] getpgrp()              = 4239
4239  [080b5b99] rt_sigprocmask(SIG_BLOCK, [HUP INT QUIT BUS USR1 ALRM TERM CHLD IO], NULL, 8) = 0
4239  [080ec87e] setresuid32(-1, 0, -1) = 0
4239  [080ec90e] setresgid32(-1, 0, -1) = 0
4239  [080b5b99] rt_sigprocmask(SIG_UNBLOCK, [HUP INT QUIT BUS USR1 ALRM TERM CHLD IO], NULL, 8) = 0
4239  [080eba4e] read(2, "", 612)       = 0
4239  [080b5b99] rt_sigprocmask(SIG_BLOCK, [HUP INT QUIT BUS USR1 ALRM TERM CHLD IO], NULL, 8) = 0
4239  [080d314a] geteuid32()            = 0
4239  [080ec90e] setresgid32(-1, 65534, -1) = 0
4239  [080ec87e] setresuid32(-1, 65534, -1) = 0
4239  [080b5b99] rt_sigprocmask(SIG_UNBLOCK, [HUP INT QUIT BUS USR1 ALRM TERM CHLD IO], NULL, 8) = 0
4239  [080ebb56] fcntl64(2, F_SETLK64, {type=F_UNLCK, whence=SEEK_SET, start=0, len=0}, 0xbfbe3600) = 0
4239  [080eb9f7] close(2)               = 0
4239  [080cbba0] time(NULL)             = 1407444635
4239  [080d2e1d] alarm(30)              = 0
4239  [080eb6d1] lstat64("/etc/shutmsg", 0xbfbe3440) = -1 ENOENT (No such file or directory)
4239  [080eca48] select(1, [0], NULL, NULL, {30, 0}) = ? ERESTARTNOHAND (To be restarted)
4239  [080eca48] --- SIGALRM (Alarm clock) @ 0 (0) ---
4239  [080b5a7f] rt_sigaction(SIGALRM, {0x804d520, [], SA_INTERRUPT}, NULL, 8) = 0
4239  [080b5a7f] rt_sigaction(SIGALRM, NULL, {0x804d520, [], SA_INTERRUPT}, 8) = 0
4239  [080b5a7f] rt_sigaction(SIGALRM, {0x804d520, [], SA_INTERRUPT}, NULL, 8) = 0
4239  [080cbba0] time(NULL)             = 1407444665
4239  [080d2e1d] alarm(30)              = 0
4239  [0090e408] sigreturn()            = ? (mask now [])
4239  [080b5b99] rt_sigprocmask(SIG_BLOCK, [HUP INT QUIT BUS USR1 ALRM TERM CHLD IO], NULL, 8) = 0
4239  [080eca48] select(0, NULL, NULL, NULL, {0, 200000}) = 0 (Timeout)
4239  [080b5b99] rt_sigprocmask(SIG_UNBLOCK, [HUP INT QUIT BUS USR1 ALRM TERM CHLD IO], NULL, 8) = 0
4239  [080d2e1d] alarm(0)               = 30
4239  [080cbba0] time(NULL)             = 1407444666
4239  [080b5b99] rt_sigprocmask(SIG_BLOCK, [HUP INT QUIT BUS USR1 ALRM TERM CHLD IO], NULL, 8) = 0
4239  [080ec87e] setresuid32(-1, 0, -1) = 0
4239  [080ec90e] setresgid32(-1, 0, -1) = 0
4239  [080b5b99] rt_sigprocmask(SIG_UNBLOCK, [HUP INT QUIT BUS USR1 ALRM TERM CHLD IO], NULL, 8) = 0
4239  [080eb965] open("/usr/local/var/proftpd.scoreboard", O_RDWR|O_LARGEFILE) = 2
4239  [080b5b99] rt_sigprocmask(SIG_BLOCK, [HUP INT QUIT BUS USR1 ALRM TERM CHLD IO], NULL, 8) = 0
4239  [080d314a] geteuid32()            = 0
4239  [080ec90e] setresgid32(-1, 65534, -1) = 0
4239  [080ec87e] setresuid32(-1, 65534, -1) = 0
4239  [080b5b99] rt_sigprocmask(SIG_UNBLOCK, [HUP INT QUIT BUS USR1 ALRM TERM CHLD IO], NULL, 8) = 0
4239  [080ebb56] fcntl64(2, F_SETLKW64, {type=F_WRLCK, whence=SEEK_SET, start=0, len=0}, 0xbfbe3600) = 0
4239  [080ee5d4] _llseek(2, 16, [16], SEEK_SET) = 0
4239  [080d3277] getpgrp()              = 4239
4239  [080b5b99] rt_sigprocmask(SIG_BLOCK, [HUP INT QUIT BUS USR1 ALRM TERM CHLD IO], NULL, 8) = 0
4239  [080ec87e] setresuid32(-1, 0, -1) = 0
4239  [080ec90e] setresgid32(-1, 0, -1) = 0
4239  [080b5b99] rt_sigprocmask(SIG_UNBLOCK, [HUP INT QUIT BUS USR1 ALRM TERM CHLD IO], NULL, 8) = 0
4239  [080eba4e] read(2, "", 612)       = 0
4239  [080b5b99] rt_sigprocmask(SIG_BLOCK, [HUP INT QUIT BUS USR1 ALRM TERM CHLD IO], NULL, 8) = 0
4239  [080d314a] geteuid32()            = 0
4239  [080ec90e] setresgid32(-1, 65534, -1) = 0
4239  [080ec87e] setresuid32(-1, 65534, -1) = 0
4239  [080b5b99] rt_sigprocmask(SIG_UNBLOCK, [HUP INT QUIT BUS USR1 ALRM TERM CHLD IO], NULL, 8) = 0
4239  [080ebb56] fcntl64(2, F_SETLK64, {type=F_UNLCK, whence=SEEK_SET, start=0, len=0}, 0xbfbe3600) = 0
4239  [080eb9f7] close(2)               = 0
4239  [080cbba0] time(NULL)             = 1407444666
4239  [080d2e1d] alarm(30)              = 0
4239  [080eb6d1] lstat64("/etc/shutmsg", 0xbfbe3440) = -1 ENOENT (No such file or directory)
4239  [080eca48] select(1, [0], NULL, NULL, {30, 0}) = ? ERESTARTNOHAND (To be restarted)
4239  [080eca48] --- SIGALRM (Alarm clock) @ 0 (0) ---
4239  [080b5a7f] rt_sigaction(SIGALRM, {0x804d520, [], SA_INTERRUPT}, NULL, 8) = 0
4239  [080b5a7f] rt_sigaction(SIGALRM, NULL, {0x804d520, [], SA_INTERRUPT}, 8) = 0
4239  [080b5a7f] rt_sigaction(SIGALRM, {0x804d520, [], SA_INTERRUPT}, NULL, 8) = 0
4239  [080cbba0] time(NULL)             = 1407444696
4239  [080d2e1d] alarm(30)              = 0
4239  [0090e408] sigreturn()            = ? (mask now [])
4239  [080b5b99] rt_sigprocmask(SIG_BLOCK, [HUP INT QUIT BUS USR1 ALRM TERM CHLD IO], NULL, 8) = 0
4239  [080eca48] select(0, NULL, NULL, NULL, {0, 200000}) = 0 (Timeout)
4239  [080b5b99] rt_sigprocmask(SIG_UNBLOCK, [HUP INT QUIT BUS USR1 ALRM TERM CHLD IO], NULL, 8) = 0
4239  [080d2e1d] alarm(0)               = 30
4239  [080cbba0] time(NULL)             = 1407444696
4239  [080b5b99] rt_sigprocmask(SIG_BLOCK, [HUP INT QUIT BUS USR1 ALRM TERM CHLD IO], NULL, 8) = 0
4239  [080ec87e] setresuid32(-1, 0, -1) = 0
4239  [080ec90e] setresgid32(-1, 0, -1) = 0
4239  [080b5b99] rt_sigprocmask(SIG_UNBLOCK, [HUP INT QUIT BUS USR1 ALRM TERM CHLD IO], NULL, 8) = 0
4239  [080eb965] open("/usr/local/var/proftpd.scoreboard", O_RDWR|O_LARGEFILE) = 2
4239  [080b5b99] rt_sigprocmask(SIG_BLOCK, [HUP INT QUIT BUS USR1 ALRM TERM CHLD IO], NULL, 8) = 0
4239  [080d314a] geteuid32()            = 0
4239  [080ec90e] setresgid32(-1, 65534, -1) = 0
4239  [080ec87e] setresuid32(-1, 65534, -1) = 0
4239  [080b5b99] rt_sigprocmask(SIG_UNBLOCK, [HUP INT QUIT BUS USR1 ALRM TERM CHLD IO], NULL, 8) = 0
4239  [080ebb56] fcntl64(2, F_SETLKW64, {type=F_WRLCK, whence=SEEK_SET, start=0, len=0}, 0xbfbe3600) = 0
4239  [080ee5d4] _llseek(2, 16, [16], SEEK_SET) = 0
4239  [080d3277] getpgrp()              = 4239
4239  [080b5b99] rt_sigprocmask(SIG_BLOCK, [HUP INT QUIT BUS USR1 ALRM TERM CHLD IO], NULL, 8) = 0
4239  [080ec87e] setresuid32(-1, 0, -1) = 0
4239  [080ec90e] setresgid32(-1, 0, -1) = 0
4239  [080b5b99] rt_sigprocmask(SIG_UNBLOCK, [HUP INT QUIT BUS USR1 ALRM TERM CHLD IO], NULL, 8) = 0
4239  [080eba4e] read(2, "", 612)       = 0
4239  [080b5b99] rt_sigprocmask(SIG_BLOCK, [HUP INT QUIT BUS USR1 ALRM TERM CHLD IO], NULL, 8) = 0
4239  [080d314a] geteuid32()            = 0
4239  [080ec90e] setresgid32(-1, 65534, -1) = 0
4239  [080ec87e] setresuid32(-1, 65534, -1) = 0
4239  [080b5b99] rt_sigprocmask(SIG_UNBLOCK, [HUP INT QUIT BUS USR1 ALRM TERM CHLD IO], NULL, 8) = 0
4239  [080ebb56] fcntl64(2, F_SETLK64, {type=F_UNLCK, whence=SEEK_SET, start=0, len=0}, 0xbfbe3600) = 0
4239  [080eb9f7] close(2)               = 0
4239  [080cbba0] time(NULL)             = 1407444696
4239  [080d2e1d] alarm(30)              = 0
4239  [080eb6d1] lstat64("/etc/shutmsg", 0xbfbe3440) = -1 ENOENT (No such file or directory)
4239  [080eca48] select(1, [0], NULL, NULL, {30, 0}) = 1 (in [0], left {4, 811629})
4239  [080ebb56] fcntl64(0, F_GETFL)    = 0x2 (flags O_RDWR)
4239  [080ebb56] fcntl64(0, F_SETFL, O_RDWR|O_NONBLOCK) = 0
4239  [080ee6ac] accept(0, 0, NULL)     = 2
4239  [080ebc1d] pipe([3, 6])           = 0
4239  [080b5b99] rt_sigprocmask(SIG_BLOCK, [USR1 USR2 TERM CHLD], NULL, 8) = 0
4239  [080d2ed5] clone(child_stack=0, flags=CLONE_CHILD_CLEARTID|CLONE_CHILD_SETTID|SIGCHLD, child_tidptr=0x8f188a8) = 4413
4239  [080eb9f7] close(2)               = 0
4239  [080cbba0] time(NULL)             = 1407444721
4239  [080eb9f7] close(6)               = 0
4239  [080b5b99] rt_sigprocmask(SIG_UNBLOCK, [USR1 USR2 TERM CHLD], NULL, 8) = 0
4239  [080ebb56] fcntl64(0, F_GETFL)    = 0x802 (flags O_RDWR|O_NONBLOCK)
4239  [080ebb56] fcntl64(0, F_SETFL, O_RDWR) = 0
4239  [080eb6d1] lstat64("/etc/shutmsg", 0xbfbe3440) = -1 ENOENT (No such file or directory)
4239  [080eca48] select(4, [0 3], NULL, NULL, {30, 0} <unfinished ...>
4413  [080b5b99] rt_sigprocmask(SIG_UNBLOCK, [USR1 USR2 TERM CHLD], NULL, 8) = 0
4413  [080eb9f7] close(3)               = 0
4413  [080eb9f7] close(0)               = 0
4413  [080cbba0] time(NULL)             = 1407444721
4413  [080b5a7f] rt_sigaction(SIGUSR1, {0x8048320, [USR1], SA_RESTART}, {SIG_DFL, [], 0}, 8) = 0
4413  [080b5a7f] rt_sigaction(SIGUSR2, {0x8048290, [USR2], SA_RESTART}, {0x8048290, [USR2], SA_RESTART}, 8) = 0
4413  [080b5a7f] rt_sigaction(SIGCHLD, {SIG_DFL, [CHLD], SA_RESTART}, {0x8048530, [CHLD], SA_RESTART}, 8) = 0
4413  [080b5a7f] rt_sigaction(SIGHUP, {SIG_IGN, [HUP], SA_RESTART}, {0x80482f0, [HUP], SA_RESTART}, 8) = 0
4413  [080eb9f7] close(-1)              = -1 EBADF (Bad file descriptor)
4413  [080eb9f7] close(1)               = 0
4413  [080ee7a2] getsockname(2, {sa_family=AF_INET, sin_port=htons(21), sin_addr=inet_addr("10.0.2.15")}, [16]) = 0
4413  [080ee782] getpeername(2, {sa_family=AF_INET, sin_port=htons(56146), sin_addr=inet_addr("10.0.2.15")}, [16]) = 0
4413  [080ebc01] dup2(2, 0)             = 0
4413  [080ebc01] dup2(2, 1)             = 1
4413  [080eb9f7] close(2)               = 0
4413  [080ebb56] fcntl64(0, F_GETFL)    = 0x2 (flags O_RDWR)
4413  [080ebb56] fcntl64(0, F_SETFL, O_RDWR) = 0
4413  [080ebb56] fcntl64(1, F_GETFL)    = 0x2 (flags O_RDWR)
4413  [080ebb56] fcntl64(1, F_SETFL, O_RDWR) = 0
4413  [080b5b99] rt_sigprocmask(SIG_BLOCK, [HUP INT QUIT BUS USR1 ALRM TERM CHLD IO], NULL, 8) = 0
4413  [080ec87e] setresuid32(-1, 0, -1) = 0
4413  [080ec90e] setresgid32(-1, 0, -1) = 0
4413  [080eb9f7] close(-1)              = -1 EBADF (Bad file descriptor)
4413  [080ee8a2] socket(PF_FILE, SOCK_DGRAM, 0) = 2
4413  [080ebb56] fcntl64(2, F_SETFD, FD_CLOEXEC) = 0
4413  [080ee72c] connect(2, {sa_family=AF_FILE, path="/dev/log"}, 16) = 0
4413  [080d314a] geteuid32()            = 0
4413  [080ec90e] setresgid32(-1, 65534, -1) = 0
4413  [080ec87e] setresuid32(-1, 65534, -1) = 0
4413  [080b5b99] rt_sigprocmask(SIG_UNBLOCK, [HUP INT QUIT BUS USR1 ALRM TERM CHLD IO], NULL, 8) = 0
4413  [080ee862] setsockopt(0, SOL_TCP, TCP_NODELAY, [1], 4) = 0
4413  [080ee862] setsockopt(1, SOL_TCP, TCP_NODELAY, [1], 4) = 0
4413  [080eb9f7] close(6)               = 0
4239  [080eca48] <... select resumed> ) = 1 (in [3], left {29, 998375})
4239  [080cbba0] time(NULL)             = 1407444721
4239  [080eb9f7] close(3)               = 0
4239  [080eb6d1] lstat64("/etc/shutmsg", 0xbfbe3440) = -1 ENOENT (No such file or directory)
4239  [080eca48] select(1, [0], NULL, NULL, {30, 0} <unfinished ...>
4413  [002a2b1e] open("/etc/hosts", O_RDONLY|O_CLOEXEC) = 3
4413  [002a1dae] fstat64(3, {st_mode=S_IFREG|0644, st_size=259, ...}) = 0
4413  [002af8c3] mmap2(NULL, 4096, PROT_READ|PROT_WRITE, MAP_PRIVATE|MAP_ANONYMOUS, -1, 0) = 0xb77f7000
4413  [002a317e] read(3, "127.0.0.1\tlocalhost\n127.0.1.1\txm"..., 4096) = 259
4413  [002a317e] read(3, "", 4096)      = 0
4413  [002a3107] close(3)               = 0
4413  [002af991] munmap(0xb77f7000, 4096) = 0
4413  [080eb8ee] open("/etc/ld.so.cache", O_RDONLY) = 3
4413  [080eb691] fstat64(3, {st_mode=S_IFREG|0644, st_size=56298, ...}) = 0
4413  [080ed6e3] mmap2(NULL, 56298, PROT_READ, MAP_PRIVATE, 3, 0) = 0xb77ea000
4413  [080eb9f7] close(3)               = 0
4413  [08124781] access("/etc/ld.so.nohwcap", F_OK) = -1 ENOENT (No such file or directory)
4413  [080eb8ee] open("/lib/libnss_mdns4_minimal.so.2", O_RDONLY) = 3
4413  [080eba4e] read(3, "\177ELF\1\1\1\0\0\0\0\0\0\0\0\0\3\0\3\0\1\0\0\0\260\10\0\0004\0\0\0"..., 512) = 512
4413  [080eb691] fstat64(3, {st_mode=S_IFREG|0644, st_size=9620, ...}) = 0
4413  [080ed6e3] mmap2(NULL, 12388, PROT_READ|PROT_EXEC, MAP_PRIVATE|MAP_DENYWRITE, 3, 0) = 0xad2000
4413  [080ed6e3] mmap2(0xad4000, 8192, PROT_READ|PROT_WRITE, MAP_PRIVATE|MAP_FIXED|MAP_DENYWRITE, 3, 0x1) = 0xad4000
4413  [080eb9f7] close(3)               = 0
4413  [080ed794] mprotect(0xad4000, 4096, PROT_READ) = 0
4413  [080ed771] munmap(0xb77ea000, 56298) = 0
4413  [080eb8ee] open("/etc/ld.so.cache", O_RDONLY) = 3
4413  [080eb691] fstat64(3, {st_mode=S_IFREG|0644, st_size=56298, ...}) = 0
4413  [080ed6e3] mmap2(NULL, 56298, PROT_READ, MAP_PRIVATE, 3, 0) = 0xb77ea000
4413  [080eb9f7] close(3)               = 0
4413  [08124781] access("/etc/ld.so.nohwcap", F_OK) = -1 ENOENT (No such file or directory)
4413  [080eb8ee] open("/lib/libnss_dns.so.2", O_RDONLY) = 3
4413  [080eba4e] read(3, "\177ELF\1\1\1\0\0\0\0\0\0\0\0\0\3\0\3\0\1\0\0\0\260\v\0\0004\0\0\0"..., 512) = 512
4413  [080eb691] fstat64(3, {st_mode=S_IFREG|0644, st_size=22036, ...}) = 0
4413  [080ed6e3] mmap2(NULL, 20612, PROT_READ|PROT_EXEC, MAP_PRIVATE|MAP_DENYWRITE, 3, 0) = 0xec3000
4413  [080ed6e3] mmap2(0xec7000, 8192, PROT_READ|PROT_WRITE, MAP_PRIVATE|MAP_FIXED|MAP_DENYWRITE, 3, 0x4) = 0xec7000
4413  [080eb9f7] close(3)               = 0
4413  [08124781] access("/etc/ld.so.nohwcap", F_OK) = -1 ENOENT (No such file or directory)
4413  [080eb8ee] open("/lib/libresolv.so.2", O_RDONLY) = 3
4413  [080eba4e] read(3, "\177ELF\1\1\1\0\0\0\0\0\0\0\0\0\3\0\3\0\1\0\0\0`&\0\0004\0\0\0"..., 512) = 512
4413  [080eb691] fstat64(3, {st_mode=S_IFREG|0644, st_size=71432, ...}) = 0
4413  [080ed6e3] mmap2(NULL, 79944, PROT_READ|PROT_EXEC, MAP_PRIVATE|MAP_DENYWRITE, 3, 0) = 0x36e000
4413  [080ed6e3] mmap2(0x37e000, 8192, PROT_READ|PROT_WRITE, MAP_PRIVATE|MAP_FIXED|MAP_DENYWRITE, 3, 0x10) = 0x37e000
4413  [080ed6e3] mmap2(0x380000, 6216, PROT_READ|PROT_WRITE, MAP_PRIVATE|MAP_FIXED|MAP_ANONYMOUS, -1, 0) = 0x380000
4413  [080eb9f7] close(3)               = 0
4413  [080ed794] mprotect(0x37e000, 4096, PROT_READ) = 0
4413  [080ed794] mprotect(0xec7000, 4096, PROT_READ) = 0
4413  [080ed771] munmap(0xb77ea000, 56298) = 0
4413  [002a2b1e] open("/etc/resolv.conf", O_RDONLY) = 3
4413  [002a1dae] fstat64(3, {st_mode=S_IFREG|0644, st_size=105, ...}) = 0
4413  [002af8c3] mmap2(NULL, 4096, PROT_READ|PROT_WRITE, MAP_PRIVATE|MAP_ANONYMOUS, -1, 0) = 0xb77f7000
4413  [002a317e] read(3, "# Generated by NetworkManager\nna"..., 4096) = 105
4413  [002a317e] read(3, "", 4096)      = 0
4413  [002a3107] close(3)               = 0
4413  [002af991] munmap(0xb77f7000, 4096) = 0
4413  [0027bead] uname({sys="Linux", node="xmenxk-laptop", ...}) = 0
4413  [0026da81] gettimeofday({1407444721, 497389}, NULL) = 0
4413  [002b4a12] socket(PF_INET, SOCK_DGRAM|SOCK_NONBLOCK, IPPROTO_IP) = 3
4413  [002b451c] connect(3, {sa_family=AF_INET, sin_port=htons(53), sin_addr=inet_addr("172.31.248.34")}, 16) = 0
4413  [0026da81] gettimeofday({1407444721, 497676}, NULL) = 0
4413  [002a4fb6] poll([{fd=3, events=POLLOUT}], 1, 0) = 1 ([{fd=3, revents=POLLOUT}])
4413  [002b481c] send(3, "*y\1\0\0\1\0\0\0\0\0\0\00215\0012\0010\00210\7in-addr\4a"..., 40, MSG_NOSIGNAL) = 40
4413  [002a4fb6] poll([{fd=3, events=POLLIN}], 1, 5000) = 1 ([{fd=3, revents=POLLIN}])
4413  [002aae54] ioctl(3, FIONREAD, [93]) = 0
4413  [002b471c] recvfrom(3, "*y\205\203\0\1\0\0\0\1\0\0\00215\0012\0010\00210\7in-addr\4a"..., 1024, 0, {sa_family=AF_INET, sin_port=htons(53), sin_addr=inet_addr("172.31.248.34")}, [16]) = 93
4413  [002c1d37] close(3)               = 0
4413  [080eb8ee] open("/etc/ld.so.cache", O_RDONLY) = 3
4413  [080eb691] fstat64(3, {st_mode=S_IFREG|0644, st_size=56298, ...}) = 0
4413  [080ed6e3] mmap2(NULL, 56298, PROT_READ, MAP_PRIVATE, 3, 0) = 0xb77ea000
4413  [080eb9f7] close(3)               = 0
4413  [08124781] access("/etc/ld.so.nohwcap", F_OK) = -1 ENOENT (No such file or directory)
4413  [080eb8ee] open("/lib/libnss_mdns4.so.2", O_RDONLY) = 3
4413  [080eba4e] read(3, "\177ELF\1\1\1\0\0\0\0\0\0\0\0\0\3\0\3\0\1\0\0\0@\t\0\0004\0\0\0"..., 512) = 512
4413  [080eb691] fstat64(3, {st_mode=S_IFREG|0644, st_size=9624, ...}) = 0
4413  [080ed6e3] mmap2(NULL, 12400, PROT_READ|PROT_EXEC, MAP_PRIVATE|MAP_DENYWRITE, 3, 0) = 0x110000
4413  [080ed6e3] mmap2(0x112000, 8192, PROT_READ|PROT_WRITE, MAP_PRIVATE|MAP_FIXED|MAP_DENYWRITE, 3, 0x1) = 0x112000
4413  [080eb9f7] close(3)               = 0
4413  [080ed794] mprotect(0x112000, 4096, PROT_READ) = 0
4413  [080ed771] munmap(0xb77ea000, 56298) = 0
4413  [002b4a12] socket(PF_FILE, SOCK_STREAM, 0) = 3
4413  [002a3746] fcntl64(3, F_GETFD)    = 0
4413  [002a3746] fcntl64(3, F_SETFD, FD_CLOEXEC) = 0
4413  [002b451c] connect(3, {sa_family=AF_FILE, path="/var/run/avahi-daemon/socket"}, 110) = 0
4413  [002a3746] fcntl64(3, F_GETFL)    = 0x2 (flags O_RDWR)
4413  [002a1dae] fstat64(3, {st_mode=S_IFSOCK|0777, st_size=0, ...}) = 0
4413  [002af8c3] mmap2(NULL, 4096, PROT_READ|PROT_WRITE, MAP_PRIVATE|MAP_ANONYMOUS, -1, 0) = 0xb77f7000
4413  [002b34b7] _llseek(3, 0, 0xbfbe2a7c, SEEK_CUR) = -1 ESPIPE (Illegal seek)
4413  [002a31fe] write(3, "RESOLVE-ADDRESS 10.0.2.15\n", 26) = 26
4413  [002a317e] read(3, "+ 2 0 xmenxk-laptop.local\n", 4096) = 26
4413  [002a3107] close(3)               = 0
4413  [002af991] munmap(0xb77f7000, 4096) = 0
4413  [08124684] stat64("/etc/resolv.conf", {st_mode=S_IFREG|0644, st_size=105, ...}) = 0
4413  [08124684] stat64("/etc/resolv.conf", {st_mode=S_IFREG|0644, st_size=105, ...}) = 0
4413  [002a2b1e] open("/etc/hosts", O_RDONLY|O_CLOEXEC) = 3
4413  [002a1dae] fstat64(3, {st_mode=S_IFREG|0644, st_size=259, ...}) = 0
4413  [002af8c3] mmap2(NULL, 4096, PROT_READ|PROT_WRITE, MAP_PRIVATE|MAP_ANONYMOUS, -1, 0) = 0xb77f7000
4413  [002a317e] read(3, "127.0.0.1\tlocalhost\n127.0.1.1\txm"..., 4096) = 259
4413  [002a317e] read(3, "", 4096)      = 0
4413  [002a3107] close(3)               = 0
4413  [002af991] munmap(0xb77f7000, 4096) = 0
4413  [002b4a12] socket(PF_FILE, SOCK_STREAM, 0) = 3
4413  [002a3746] fcntl64(3, F_GETFD)    = 0
4413  [002a3746] fcntl64(3, F_SETFD, FD_CLOEXEC) = 0
4413  [002b451c] connect(3, {sa_family=AF_FILE, path="/var/run/avahi-daemon/socket"}, 110) = 0
4413  [002a3746] fcntl64(3, F_GETFL)    = 0x2 (flags O_RDWR)
4413  [002a1dae] fstat64(3, {st_mode=S_IFSOCK|0777, st_size=0, ...}) = 0
4413  [002af8c3] mmap2(NULL, 4096, PROT_READ|PROT_WRITE, MAP_PRIVATE|MAP_ANONYMOUS, -1, 0) = 0xb77f7000
4413  [002b34b7] _llseek(3, 0, 0xbfbe30e8, SEEK_CUR) = -1 ESPIPE (Illegal seek)
4413  [002a31fe] write(3, "RESOLVE-HOSTNAME-IPV4 xmenxk-lap"..., 42) = 42
4413  [002a317e] read(3, "+ 2 0 xmenxk-laptop.local 10.0.2"..., 4096) = 36
4413  [002a3107] close(3)               = 0
4413  [002af991] munmap(0xb77f7000, 4096) = 0
4413  [080d314a] geteuid32()            = 65534
4413  [080d316a] getegid32()            = 65534
4413  [080b5b99] rt_sigprocmask(SIG_BLOCK, [HUP INT QUIT BUS USR1 ALRM TERM CHLD IO], NULL, 8) = 0
4413  [080ec87e] setresuid32(-1, 0, -1) = 0
4413  [080ec90e] setresgid32(-1, 0, -1) = 0
4413  [080b5b99] rt_sigprocmask(SIG_UNBLOCK, [HUP INT QUIT BUS USR1 ALRM TERM CHLD IO], NULL, 8) = 0
4413  [080b5b99] rt_sigprocmask(SIG_BLOCK, [HUP INT QUIT BUS USR1 ALRM TERM CHLD IO], NULL, 8) = 0
4413  [080d313a] getuid32()             = 0
4413  [080d313a] getuid32()             = 0
4413  [080d31a7] setuid32(0)            = 0
4413  [080d3207] setgid32(65534)        = 0
4413  [080ec87e] setresuid32(-1, 65534, -1) = 0
4413  [080b5b99] rt_sigprocmask(SIG_UNBLOCK, [HUP INT QUIT BUS USR1 ALRM TERM CHLD IO], NULL, 8) = 0
4413  [080b5b99] rt_sigprocmask(SIG_BLOCK, [HUP INT QUIT BUS USR1 ALRM TERM CHLD IO], NULL, 8) = 0
4413  [080ec87e] setresuid32(-1, 0, -1) = 0
4413  [080ec90e] setresgid32(-1, 0, -1) = 0
4413  [080b5b99] rt_sigprocmask(SIG_UNBLOCK, [HUP INT QUIT BUS USR1 ALRM TERM CHLD IO], NULL, 8) = 0
4413  [080eb965] open("/usr/local/var/proftpd.delay", O_RDWR|O_LARGEFILE) = 3
4413  [080b5b99] rt_sigprocmask(SIG_BLOCK, [HUP INT QUIT BUS USR1 ALRM TERM CHLD IO], NULL, 8) = 0
4413  [080d314a] geteuid32()            = 0
4413  [080ec90e] setresgid32(-1, 65534, -1) = 0
4413  [080ec87e] setresuid32(-1, 65534, -1) = 0
4413  [080b5b99] rt_sigprocmask(SIG_UNBLOCK, [HUP INT QUIT BUS USR1 ALRM TERM CHLD IO], NULL, 8) = 0
4413  [080b5a7f] rt_sigaction(SIGALRM, {0x804d520, [], SA_INTERRUPT}, NULL, 8) = 0
4413  [080b5a7f] rt_sigaction(SIGALRM, NULL, {0x804d520, [], SA_INTERRUPT}, 8) = 0
4413  [080b5a7f] rt_sigaction(SIGALRM, {0x804d520, [], SA_INTERRUPT}, NULL, 8) = 0
4413  [080d2e1d] alarm(0)               = 0
4413  [080cbba0] time(NULL)             = 1407444721
4413  [080d2e1d] alarm(300)             = 0
4413  [080b5b99] rt_sigprocmask(SIG_BLOCK, [HUP INT QUIT BUS USR1 ALRM TERM CHLD IO], NULL, 8) = 0
4413  [080ec87e] setresuid32(-1, 0, -1) = 0
4413  [080ec90e] setresgid32(-1, 0, -1) = 0
4413  [080b5b99] rt_sigprocmask(SIG_UNBLOCK, [HUP INT QUIT BUS USR1 ALRM TERM CHLD IO], NULL, 8) = 0
4413  [080eb6d1] lstat64("/usr/local/var/proftpd.scoreboard", {st_mode=S_IFREG|0644, st_size=16, ...}) = 0
4413  [080eb965] open("/usr/local/var/proftpd.scoreboard", O_RDWR|O_CREAT|O_LARGEFILE, 0644) = 6
4413  [080eb8a1] fchmod(6, 0644)        = 0
4413  [080eba4e] read(6, "\357\276\255\336\3\0\4\1\217\20\0\0A\346\343S", 16) = 16
4413  [080b5b99] rt_sigprocmask(SIG_BLOCK, [HUP INT QUIT BUS USR1 ALRM TERM CHLD IO], NULL, 8) = 0
4413  [080d314a] geteuid32()            = 0
4413  [080ec90e] setresgid32(-1, 65534, -1) = 0
4413  [080ec87e] setresuid32(-1, 65534, -1) = 0
4413  [080b5b99] rt_sigprocmask(SIG_UNBLOCK, [HUP INT QUIT BUS USR1 ALRM TERM CHLD IO], NULL, 8) = 0
4413  [080ebb56] fcntl64(6, F_SETLKW64, {type=F_WRLCK, whence=SEEK_SET, start=0, len=0}, 0xbfbe3698) = 0
4413  [080b5b99] rt_sigprocmask(SIG_BLOCK, [HUP INT QUIT BUS USR1 ALRM TERM CHLD IO], NULL, 8) = 0
4413  [080eba4e] read(6, "", 612)       = 0
4413  [080ee5d4] _llseek(6, 0, [16], SEEK_CUR) = 0
4413  [080d314a] geteuid32()            = 65534
4413  [080d316a] getegid32()            = 65534
4413  [080ee5d4] _llseek(6, 16, [16], SEEK_SET) = 0
4413  [080ebaae] write(6, "=\21\0\0\376\377\0\0\376\377\0\0\0\0\0\0\0\0\0\0\0\0\0\0\0\0\0\0\0\0\0\0"..., 612) = 612
4413  [080ee5d4] _llseek(6, 16, [16], SEEK_SET) = 0
4413  [080b5b99] rt_sigprocmask(SIG_UNBLOCK, [HUP INT QUIT BUS USR1 ALRM TERM CHLD IO], NULL, 8) = 0
4413  [080ebb56] fcntl64(6, F_SETLK64, {type=F_UNLCK, whence=SEEK_SET, start=0, len=0}, 0xbfbe3698) = 0
4413  [080cbba0] time(NULL)             = 1407444721
4413  [080cbba0] time(NULL)             = 1407444721
4413  [080ebb56] fcntl64(6, F_SETLKW64, {type=F_WRLCK, whence=SEEK_CUR, start=16, len=612}, 0x817de84) = 0
4413  [080ee5d4] _llseek(6, 16, [16], SEEK_SET) = 0
4413  [080ebaae] write(6, "=\21\0\0\376\377\0\0\376\377\0\0(none)\0\0\0\0\0\0\0\0\0\0\0\0\0\0"..., 612) = 612
4413  [080ee5d4] _llseek(6, 16, [16], SEEK_SET) = 0
4413  [080ebb56] fcntl64(6, F_SETLKW64, {type=F_UNLCK, whence=SEEK_CUR, start=16, len=612}, 0x817de84) = 0
4413  [080ee5d4] _llseek(6, 0, [16], SEEK_CUR) = 0
4413  [080ee5d4] _llseek(6, 16, [16], SEEK_SET) = 0
4413  [080ebb56] fcntl64(6, F_SETLKW64, {type=F_RDLCK, whence=SEEK_SET, start=0, len=0}, 0xbfbe36b8) = 0
4413  [080eba4e] read(6, "=\21\0\0\376\377\0\0\376\377\0\0(none)\0\0\0\0\0\0\0\0\0\0\0\0\0\0"..., 612) = 612
4413  [080ebb56] fcntl64(6, F_SETLK64, {type=F_UNLCK, whence=SEEK_SET, start=0, len=0}, 0xbfbe3658) = 0
4413  [080ebb56] fcntl64(6, F_SETLKW64, {type=F_RDLCK, whence=SEEK_SET, start=0, len=0}, 0xbfbe36b8) = 0
4413  [080eba4e] read(6, "", 612)       = 0
4413  [080ebb56] fcntl64(6, F_SETLK64, {type=F_UNLCK, whence=SEEK_SET, start=0, len=0}, 0xbfbe3658) = 0
4413  [080ee5d4] _llseek(6, 16, [16], SEEK_SET) = 0
4413  [080b5a7f] rt_sigaction(SIGALRM, {0x804d520, [], SA_INTERRUPT}, NULL, 8) = 0
4413  [080b5a7f] rt_sigaction(SIGALRM, NULL, {0x804d520, [], SA_INTERRUPT}, 8) = 0
4413  [080b5a7f] rt_sigaction(SIGALRM, {0x804d520, [], SA_INTERRUPT}, NULL, 8) = 0
4413  [080d2e1d] alarm(0)               = 300
4413  [080cbba0] time(NULL)             = 1407444721
4413  [080cbba0] time(NULL)             = 1407444721
4413  [080d2e1d] alarm(300)             = 0
4413  [080cbba0] time(NULL)             = 1407444721
4413  [080eb651] stat64("/etc/localtime", {st_mode=S_IFREG|0644, st_size=3519, ...}) = 0
4413  [080cbba0] time(NULL)             = 1407444721
4413  [080ee80c] send(2, "<30>Aug  7 16:52:01 proftpd[4413"..., 104, 0) = 104
4413  [080ee862] setsockopt(0, SOL_SOCKET, SO_OOBINLINE, [1], 4) = 0
4413  [080ee862] setsockopt(1, SOL_SOCKET, SO_OOBINLINE, [1], 4) = 0
4413  [080ebb56] fcntl64(0, F_SETOWN, 4413) = 0
4413  [080ebb56] fcntl64(1, F_SETOWN, 4413) = 0
4413  [080eca48] select(2, NULL, [1], NULL, {60, 0}) = 1 (out [1], left {59, 999997})
4413  [080ebaae] write(1, "220 ProFTPD 1.3.3c Server (ProFT"..., 70) = 70
4413  [080eca48] select(1, [0], NULL, NULL, {60, 0}) = 1 (in [0], left {59, 999998})
4413  [080eba4e] read(0, "HELP ACIDBITCHEZ\r\n", 4102) = 18
4413  [080d2e1d] alarm(0)               = 300
4413  [080cbba0] time(NULL)             = 1407444721
4413  [080cbba0] time(NULL)             = 1407444721
4413  [080d2e1d] alarm(300)             = 0
4413  [080d31a7] setuid32(0)            = 0
4413  [080d3207] setgid32(0)            = 0
4413  [080b5a7f] rt_sigaction(SIGINT, {SIG_IGN, [], 0}, {0x8048370, [INT], SA_RESTART}, 8) = 0
4413  [080b5a7f] rt_sigaction(SIGQUIT, {SIG_IGN, [], 0}, {0x8048370, [QUIT], SA_RESTART}, 8) = 0
4413  [080b5b99] rt_sigprocmask(SIG_BLOCK, [CHLD], [], 8) = 0
4413  [080bad3f] clone(child_stack=0, flags=CLONE_PARENT_SETTID|SIGCHLD, parent_tidptr=0xbfbe3604) = 4415
4413  [080d2dce] waitpid(4415,  <unfinished ...>
4415  [080b5a7f] rt_sigaction(SIGINT, {0x8048370, [INT], SA_RESTART}, NULL, 8) = 0
4415  [080b5a7f] rt_sigaction(SIGQUIT, {0x8048370, [QUIT], SA_RESTART}, NULL, 8) = 0
4415  [080b5b99] rt_sigprocmask(SIG_SETMASK, [], NULL, 8) = 0
4415  [080d30c4] execve("/bin/sh", ["sh", "-c", "/bin/sh;/sbin/sh"], [/* 16 vars */]) = 0
4415  [00b57aad] brk(0)                 = 0x8dea000
4415  [00b58cb1] access("/etc/ld.so.nohwcap", F_OK) = -1 ENOENT (No such file or directory)
4415  [00b58df3] mmap2(NULL, 8192, PROT_READ|PROT_WRITE, MAP_PRIVATE|MAP_ANONYMOUS, -1, 0) = 0xb773e000
4415  [00b58cb1] access("/etc/ld.so.preload", R_OK) = -1 ENOENT (No such file or directory)
4415  [00b58b74] open("/etc/ld.so.cache", O_RDONLY) = 2
4415  [00b58b3e] fstat64(2, {st_mode=S_IFREG|0644, st_size=56298, ...}) = 0
4415  [00b58df3] mmap2(NULL, 56298, PROT_READ, MAP_PRIVATE, 2, 0) = 0xb7730000
4415  [00b58bad] close(2)               = 0
4415  [00b58cb1] access("/etc/ld.so.nohwcap", F_OK) = -1 ENOENT (No such file or directory)
4415  [00b58b74] open("/lib/tls/i686/cmov/libc.so.6", O_RDONLY) = 2
4415  [00b58bf4] read(2, "\177ELF\1\1\1\0\0\0\0\0\0\0\0\0\3\0\3\0\1\0\0\0000m\1\0004\0\0\0"..., 512) = 512
4415  [00b58b3e] fstat64(2, {st_mode=S_IFREG|0755, st_size=1405508, ...}) = 0
4415  [00b58df3] mmap2(NULL, 1415592, PROT_READ|PROT_EXEC, MAP_PRIVATE|MAP_DENYWRITE, 2, 0) = 0x4de000
4415  [00b58e74] mprotect(0x631000, 4096, PROT_NONE) = 0
4415  [00b58df3] mmap2(0x632000, 12288, PROT_READ|PROT_WRITE, MAP_PRIVATE|MAP_FIXED|MAP_DENYWRITE, 2, 0x153) = 0x632000
4415  [00b58df3] mmap2(0x635000, 10664, PROT_READ|PROT_WRITE, MAP_PRIVATE|MAP_FIXED|MAP_ANONYMOUS, -1, 0) = 0x635000
4415  [00b58bad] close(2)               = 0
4415  [00b58df3] mmap2(NULL, 4096, PROT_READ|PROT_WRITE, MAP_PRIVATE|MAP_ANONYMOUS, -1, 0) = 0xb772f000
4415  [00b44cdf] set_thread_area({entry_number:-1 -> 6, base_addr:0xb772f8d0, limit:1048575, seg_32bit:1, contents:0, read_exec_only:0, limit_in_pages:1, seg_not_present:0, useable:1}) = 0
4415  [00b58e74] mprotect(0x632000, 8192, PROT_READ) = 0
4415  [00b58e74] mprotect(0x805c000, 4096, PROT_READ) = 0
4415  [00b58e74] mprotect(0xb5e000, 4096, PROT_READ) = 0
4415  [00b58e31] munmap(0xb7730000, 56298) = 0
4415  [00ec9422] getpid()               = 4415
4415  [00ec9422] rt_sigaction(SIGCHLD, {SIG_DFL, [CHLD], SA_RESTART}, {SIG_DFL, [], 0}, 8) = 0
4415  [00ec9422] geteuid32()            = 0
4415  [00ec9422] brk(0)                 = 0x8dea000
4415  [00ec9422] brk(0x8e0b000)         = 0x8e0b000
4415  [00ec9422] getppid()              = 4413
4415  [00ec9422] getcwd("/", 4096)      = 2
4415  [00ec9422] rt_sigaction(SIGINT, NULL, {SIG_DFL, [], 0}, 8) = 0
4415  [00ec9422] rt_sigaction(SIGINT, {0x804f636, ~[RTMIN RT_1], 0}, NULL, 8) = 0
4415  [00ec9422] rt_sigaction(SIGQUIT, NULL, {SIG_DFL, [], 0}, 8) = 0
4415  [00ec9422] rt_sigaction(SIGQUIT, {SIG_DFL, ~[RTMIN RT_1], 0}, NULL, 8) = 0
4415  [00ec9422] rt_sigaction(SIGTERM, NULL, {SIG_DFL, [], 0}, 8) = 0
4415  [00ec9422] rt_sigaction(SIGTERM, {SIG_DFL, ~[RTMIN RT_1], 0}, NULL, 8) = 0
4415  [00ec9422] clone(child_stack=0, flags=CLONE_CHILD_CLEARTID|CLONE_CHILD_SETTID|SIGCHLD, child_tidptr=0xb772f938) = 4416
4415  [00ec9422] wait4(-1,  <unfinished ...>
4416  [00ec9422] execve("/bin/sh", ["/bin/sh"], [/* 17 vars */]) = 0
4416  [00386aad] brk(0)                 = 0x9bcc000
4416  [00387cb1] access("/etc/ld.so.nohwcap", F_OK) = -1 ENOENT (No such file or directory)
4416  [00387df3] mmap2(NULL, 8192, PROT_READ|PROT_WRITE, MAP_PRIVATE|MAP_ANONYMOUS, -1, 0) = 0xb7721000
4416  [00387cb1] access("/etc/ld.so.preload", R_OK) = -1 ENOENT (No such file or directory)
4416  [00387b74] open("/etc/ld.so.cache", O_RDONLY) = 2
4416  [00387b3e] fstat64(2, {st_mode=S_IFREG|0644, st_size=56298, ...}) = 0
4416  [00387df3] mmap2(NULL, 56298, PROT_READ, MAP_PRIVATE, 2, 0) = 0xb7713000
4416  [00387bad] close(2)               = 0
4416  [00387cb1] access("/etc/ld.so.nohwcap", F_OK) = -1 ENOENT (No such file or directory)
4416  [00387b74] open("/lib/tls/i686/cmov/libc.so.6", O_RDONLY) = 2
4416  [00387bf4] read(2, "\177ELF\1\1\1\0\0\0\0\0\0\0\0\0\3\0\3\0\1\0\0\0000m\1\0004\0\0\0"..., 512) = 512
4416  [00387b3e] fstat64(2, {st_mode=S_IFREG|0755, st_size=1405508, ...}) = 0
4416  [00387df3] mmap2(NULL, 1415592, PROT_READ|PROT_EXEC, MAP_PRIVATE|MAP_DENYWRITE, 2, 0) = 0x8a4000
4416  [00387e74] mprotect(0x9f7000, 4096, PROT_NONE) = 0
4416  [00387df3] mmap2(0x9f8000, 12288, PROT_READ|PROT_WRITE, MAP_PRIVATE|MAP_FIXED|MAP_DENYWRITE, 2, 0x153) = 0x9f8000
4416  [00387df3] mmap2(0x9fb000, 10664, PROT_READ|PROT_WRITE, MAP_PRIVATE|MAP_FIXED|MAP_ANONYMOUS, -1, 0) = 0x9fb000
4416  [00387bad] close(2)               = 0
4416  [00387df3] mmap2(NULL, 4096, PROT_READ|PROT_WRITE, MAP_PRIVATE|MAP_ANONYMOUS, -1, 0) = 0xb7712000
4416  [00373cdf] set_thread_area({entry_number:-1 -> 6, base_addr:0xb77128d0, limit:1048575, seg_32bit:1, contents:0, read_exec_only:0, limit_in_pages:1, seg_not_present:0, useable:1}) = 0
4416  [00387e74] mprotect(0x9f8000, 8192, PROT_READ) = 0
4416  [00387e74] mprotect(0x805c000, 4096, PROT_READ) = 0
4416  [00387e74] mprotect(0x38d000, 4096, PROT_READ) = 0
4416  [00387e31] munmap(0xb7713000, 56298) = 0
4416  [00dd6422] getpid()               = 4416
4416  [00dd6422] rt_sigaction(SIGCHLD, {SIG_DFL, [CHLD], SA_RESTART}, {SIG_DFL, [], 0}, 8) = 0
4416  [00dd6422] geteuid32()            = 0
4416  [00dd6422] brk(0)                 = 0x9bcc000
4416  [00dd6422] brk(0x9bed000)         = 0x9bed000
4416  [00dd6422] getppid()              = 4415
4416  [00dd6422] stat64("/", {st_mode=S_IFDIR|0755, st_size=4096, ...}) = 0
4416  [00dd6422] stat64(".", {st_mode=S_IFDIR|0755, st_size=4096, ...}) = 0
4416  [00dd6422] ioctl(0, SNDCTL_TMR_TIMEBASE or TCGETS, 0xbffe5f48) = -1 EINVAL (Invalid argument)
4416  [00dd6422] rt_sigaction(SIGINT, NULL, {SIG_DFL, [], 0}, 8) = 0
4416  [00dd6422] rt_sigaction(SIGINT, {SIG_DFL, ~[RTMIN RT_1], 0}, NULL, 8) = 0
4416  [00dd6422] rt_sigaction(SIGQUIT, NULL, {SIG_DFL, [], 0}, 8) = 0
4416  [00dd6422] rt_sigaction(SIGQUIT, {SIG_DFL, ~[RTMIN RT_1], 0}, NULL, 8) = 0
4416  [00dd6422] rt_sigaction(SIGTERM, NULL, {SIG_DFL, [], 0}, 8) = 0
4416  [00dd6422] rt_sigaction(SIGTERM, {SIG_DFL, ~[RTMIN RT_1], 0}, NULL, 8) = 0
4416  [00dd6422] read(0,  <unfinished ...>
4239  [080eca48] <... select resumed> ) = ? ERESTARTNOHAND (To be restarted)
4239  [080eca48] --- SIGALRM (Alarm clock) @ 0 (0) ---
4239  [080b5a7f] rt_sigaction(SIGALRM, {0x804d520, [], SA_INTERRUPT}, NULL, 8) = 0
4239  [080b5a7f] rt_sigaction(SIGALRM, NULL, {0x804d520, [], SA_INTERRUPT}, 8) = 0
4239  [080b5a7f] rt_sigaction(SIGALRM, {0x804d520, [], SA_INTERRUPT}, NULL, 8) = 0
4239  [080cbba0] time(NULL)             = 1407444726
4239  [080d2e1d] alarm(30)              = 0
4239  [0090e408] sigreturn()            = ? (mask now [])
4239  [080b5b99] rt_sigprocmask(SIG_BLOCK, [HUP INT QUIT BUS USR1 ALRM TERM CHLD IO], NULL, 8) = 0
4239  [080eca48] select(0, NULL, NULL, NULL, {0, 200000}) = 0 (Timeout)
4239  [080b5b99] rt_sigprocmask(SIG_UNBLOCK, [HUP INT QUIT BUS USR1 ALRM TERM CHLD IO], NULL, 8) = 0
4239  [080d2e1d] alarm(0)               = 30
4239  [080cbba0] time(NULL)             = 1407444726
4239  [080b5b99] rt_sigprocmask(SIG_BLOCK, [HUP INT QUIT BUS USR1 ALRM TERM CHLD IO], NULL, 8) = 0
4239  [080ec87e] setresuid32(-1, 0, -1) = 0
4239  [080ec90e] setresgid32(-1, 0, -1) = 0
4239  [080b5b99] rt_sigprocmask(SIG_UNBLOCK, [HUP INT QUIT BUS USR1 ALRM TERM CHLD IO], NULL, 8) = 0
4239  [080eb965] open("/usr/local/var/proftpd.scoreboard", O_RDWR|O_LARGEFILE) = 2
4239  [080b5b99] rt_sigprocmask(SIG_BLOCK, [HUP INT QUIT BUS USR1 ALRM TERM CHLD IO], NULL, 8) = 0
4239  [080d314a] geteuid32()            = 0
4239  [080ec90e] setresgid32(-1, 65534, -1) = 0
4239  [080ec87e] setresuid32(-1, 65534, -1) = 0
4239  [080b5b99] rt_sigprocmask(SIG_UNBLOCK, [HUP INT QUIT BUS USR1 ALRM TERM CHLD IO], NULL, 8) = 0
4239  [080ebb56] fcntl64(2, F_SETLKW64, {type=F_WRLCK, whence=SEEK_SET, start=0, len=0}, 0xbfbe3600) = 0
4239  [080ee5d4] _llseek(2, 16, [16], SEEK_SET) = 0
4239  [080d3277] getpgrp()              = 4239
4239  [080b5b99] rt_sigprocmask(SIG_BLOCK, [HUP INT QUIT BUS USR1 ALRM TERM CHLD IO], NULL, 8) = 0
4239  [080ec87e] setresuid32(-1, 0, -1) = 0
4239  [080ec90e] setresgid32(-1, 0, -1) = 0
4239  [080b5b99] rt_sigprocmask(SIG_UNBLOCK, [HUP INT QUIT BUS USR1 ALRM TERM CHLD IO], NULL, 8) = 0
4239  [080eba4e] read(2, "=\21\0\0\376\377\0\0\376\377\0\0(none)\0\0\0\0\0\0\0\0\0\0\0\0\0\0"..., 612) = 612
4239  [080b5c01] kill(4413, SIG_0)      = 0
4239  [080d323d] getpgid(0x113d)        = 4239
4239  [080ee5d4] _llseek(2, 0, [628], SEEK_CUR) = 0
4239  [080eba4e] read(2, "", 612)       = 0
4239  [080b5b99] rt_sigprocmask(SIG_BLOCK, [HUP INT QUIT BUS USR1 ALRM TERM CHLD IO], NULL, 8) = 0
4239  [080d314a] geteuid32()            = 0
4239  [080ec90e] setresgid32(-1, 65534, -1) = 0
4239  [080ec87e] setresuid32(-1, 65534, -1) = 0
4239  [080b5b99] rt_sigprocmask(SIG_UNBLOCK, [HUP INT QUIT BUS USR1 ALRM TERM CHLD IO], NULL, 8) = 0
4239  [080ebb56] fcntl64(2, F_SETLK64, {type=F_UNLCK, whence=SEEK_SET, start=0, len=0}, 0xbfbe3600) = 0
4239  [080eb9f7] close(2)               = 0
4239  [080cbba0] time(NULL)             = 1407444726
4239  [080d2e1d] alarm(30)              = 0
4239  [080eb6d1] lstat64("/etc/shutmsg", 0xbfbe3440) = -1 ENOENT (No such file or directory)
4239  [080eca48] select(1, [0], NULL, NULL, {30, 0} <unfinished ...>
4416  [00dd6422] <... read resumed> "nohup perl -e 'use IO::Socket::S"..., 8192) = 161
4416  [00dd6422] open("/dev/null", O_WRONLY|O_CREAT|O_TRUNC|O_LARGEFILE, 0666) = 2
4416  [00dd6422] fcntl64(1, F_DUPFD, 10) = 10
4416  [00dd6422] close(1)               = 0
4416  [00dd6422] fcntl64(10, F_SETFD, FD_CLOEXEC) = 0
4416  [00dd6422] dup2(2, 1)             = 1
4416  [00dd6422] close(2)               = 0
4416  [00dd6422] fcntl64(2, F_DUPFD, 10) = -1 EBADF (Bad file descriptor)
4416  [00dd6422] dup2(1, 2)             = 2
4416  [00dd6422] stat64("/usr/local/sbin/nohup", 0xbffe5e80) = -1 ENOENT (No such file or directory)
4416  [00dd6422] stat64("/usr/local/bin/nohup", 0xbffe5e80) = -1 ENOENT (No such file or directory)
4416  [00dd6422] stat64("/usr/sbin/nohup", 0xbffe5e80) = -1 ENOENT (No such file or directory)
4416  [00dd6422] stat64("/usr/bin/nohup", {st_mode=S_IFREG|0755, st_size=34344, ...}) = 0
4416  [00dd6422] clone(child_stack=0, flags=CLONE_CHILD_CLEARTID|CLONE_CHILD_SETTID|SIGCHLD, child_tidptr=0xb7712938) = 4420
4416  [00dd6422] wait4(-1,  <unfinished ...>
4420  [00dd6422] execve("/usr/bin/nohup", ["nohup", "perl", "-e", "use IO::Socket::SSL;$p=fork;exit"...], [/* 17 vars */]) = 0
4420  [00613aad] brk(0)                 = 0x9292000
4420  [00614cb1] access("/etc/ld.so.nohwcap", F_OK) = -1 ENOENT (No such file or directory)
4420  [00614df3] mmap2(NULL, 8192, PROT_READ|PROT_WRITE, MAP_PRIVATE|MAP_ANONYMOUS, -1, 0) = 0xb7882000
4420  [00614cb1] access("/etc/ld.so.preload", R_OK) = -1 ENOENT (No such file or directory)
4420  [00614b74] open("/etc/ld.so.cache", O_RDONLY) = 7
4420  [00614b3e] fstat64(7, {st_mode=S_IFREG|0644, st_size=56298, ...}) = 0
4420  [00614df3] mmap2(NULL, 56298, PROT_READ, MAP_PRIVATE, 7, 0) = 0xb7874000
4420  [00614bad] close(7)               = 0
4420  [00614cb1] access("/etc/ld.so.nohwcap", F_OK) = -1 ENOENT (No such file or directory)
4420  [00614b74] open("/lib/tls/i686/cmov/libc.so.6", O_RDONLY) = 7
4420  [00614bf4] read(7, "\177ELF\1\1\1\0\0\0\0\0\0\0\0\0\3\0\3\0\1\0\0\0000m\1\0004\0\0\0"..., 512) = 512
4420  [00614b3e] fstat64(7, {st_mode=S_IFREG|0755, st_size=1405508, ...}) = 0
4420  [00614df3] mmap2(NULL, 1415592, PROT_READ|PROT_EXEC, MAP_PRIVATE|MAP_DENYWRITE, 7, 0) = 0x3e4000
4420  [00614e74] mprotect(0x537000, 4096, PROT_NONE) = 0
4420  [00614df3] mmap2(0x538000, 12288, PROT_READ|PROT_WRITE, MAP_PRIVATE|MAP_FIXED|MAP_DENYWRITE, 7, 0x153) = 0x538000
4420  [00614df3] mmap2(0x53b000, 10664, PROT_READ|PROT_WRITE, MAP_PRIVATE|MAP_FIXED|MAP_ANONYMOUS, -1, 0) = 0x53b000
4420  [00614bad] close(7)               = 0
4420  [00614df3] mmap2(NULL, 4096, PROT_READ|PROT_WRITE, MAP_PRIVATE|MAP_ANONYMOUS, -1, 0) = 0xb7873000
4420  [00600cdf] set_thread_area({entry_number:-1 -> 6, base_addr:0xb78738d0, limit:1048575, seg_32bit:1, contents:0, read_exec_only:0, limit_in_pages:1, seg_not_present:0, useable:1}) = 0
4420  [00614e74] mprotect(0x538000, 8192, PROT_READ) = 0
4420  [00614e74] mprotect(0x804f000, 4096, PROT_READ) = 0
4420  [00614e74] mprotect(0x61a000, 4096, PROT_READ) = 0
4420  [00614e31] munmap(0xb7874000, 56298) = 0
4420  [0097f422] brk(0)                 = 0x9292000
4420  [0097f422] brk(0x92b3000)         = 0x92b3000
4420  [0097f422] open("/usr/lib/locale/locale-archive", O_RDONLY|O_LARGEFILE) = -1 ENOENT (No such file or directory)
4420  [0097f422] open("/usr/share/locale/locale.alias", O_RDONLY) = 7
4420  [0097f422] fstat64(7, {st_mode=S_IFREG|0644, st_size=2570, ...}) = 0
4420  [0097f422] mmap2(NULL, 4096, PROT_READ|PROT_WRITE, MAP_PRIVATE|MAP_ANONYMOUS, -1, 0) = 0xb7881000
4420  [0097f422] read(7, "# Locale name alias data base.\n#"..., 4096) = 2570
4420  [0097f422] read(7, "", 4096)      = 0
4420  [0097f422] close(7)               = 0
4420  [0097f422] munmap(0xb7881000, 4096) = 0
4420  [0097f422] open("/usr/lib/locale/en_US.utf8/LC_IDENTIFICATION", O_RDONLY) = 7
4420  [0097f422] fstat64(7, {st_mode=S_IFREG|0644, st_size=373, ...}) = 0
4420  [0097f422] mmap2(NULL, 373, PROT_READ, MAP_PRIVATE, 7, 0) = 0xb7881000
4420  [0097f422] close(7)               = 0
4420  [0097f422] open("/usr/lib/gconv/gconv-modules.cache", O_RDONLY) = 7
4420  [0097f422] fstat64(7, {st_mode=S_IFREG|0644, st_size=26048, ...}) = 0
4420  [0097f422] mmap2(NULL, 26048, PROT_READ, MAP_SHARED, 7, 0) = 0xb787a000
4420  [0097f422] close(7)               = 0
4420  [0097f422] open("/usr/lib/locale/en_US.utf8/LC_MEASUREMENT", O_RDONLY) = 7
4420  [0097f422] fstat64(7, {st_mode=S_IFREG|0644, st_size=23, ...}) = 0
4420  [0097f422] mmap2(NULL, 23, PROT_READ, MAP_PRIVATE, 7, 0) = 0xb7879000
4420  [0097f422] close(7)               = 0
4420  [0097f422] open("/usr/lib/locale/en_US.utf8/LC_TELEPHONE", O_RDONLY) = 7
4420  [0097f422] fstat64(7, {st_mode=S_IFREG|0644, st_size=59, ...}) = 0
4420  [0097f422] mmap2(NULL, 59, PROT_READ, MAP_PRIVATE, 7, 0) = 0xb7878000
4420  [0097f422] close(7)               = 0
4420  [0097f422] open("/usr/lib/locale/en_US.utf8/LC_ADDRESS", O_RDONLY) = 7
4420  [0097f422] fstat64(7, {st_mode=S_IFREG|0644, st_size=155, ...}) = 0
4420  [0097f422] mmap2(NULL, 155, PROT_READ, MAP_PRIVATE, 7, 0) = 0xb7877000
4420  [0097f422] close(7)               = 0
4420  [0097f422] open("/usr/lib/locale/en_US.utf8/LC_NAME", O_RDONLY) = 7
4420  [0097f422] fstat64(7, {st_mode=S_IFREG|0644, st_size=77, ...}) = 0
4420  [0097f422] mmap2(NULL, 77, PROT_READ, MAP_PRIVATE, 7, 0) = 0xb7876000
4420  [0097f422] close(7)               = 0
4420  [0097f422] open("/usr/lib/locale/en_US.utf8/LC_PAPER", O_RDONLY) = 7
4420  [0097f422] fstat64(7, {st_mode=S_IFREG|0644, st_size=34, ...}) = 0
4420  [0097f422] mmap2(NULL, 34, PROT_READ, MAP_PRIVATE, 7, 0) = 0xb7875000
4420  [0097f422] close(7)               = 0
4420  [0097f422] open("/usr/lib/locale/en_US.utf8/LC_MESSAGES", O_RDONLY) = 7
4420  [0097f422] fstat64(7, {st_mode=S_IFDIR|0755, st_size=4096, ...}) = 0
4420  [0097f422] close(7)               = 0
4420  [0097f422] open("/usr/lib/locale/en_US.utf8/LC_MESSAGES/SYS_LC_MESSAGES", O_RDONLY) = 7
4420  [0097f422] fstat64(7, {st_mode=S_IFREG|0644, st_size=57, ...}) = 0
4420  [0097f422] mmap2(NULL, 57, PROT_READ, MAP_PRIVATE, 7, 0) = 0xb7874000
4420  [0097f422] close(7)               = 0
4420  [0097f422] open("/usr/lib/locale/en_US.utf8/LC_MONETARY", O_RDONLY) = 7
4420  [0097f422] fstat64(7, {st_mode=S_IFREG|0644, st_size=286, ...}) = 0
4420  [0097f422] mmap2(NULL, 286, PROT_READ, MAP_PRIVATE, 7, 0) = 0xb7872000
4420  [0097f422] close(7)               = 0
4420  [0097f422] open("/usr/lib/locale/en_US.utf8/LC_COLLATE", O_RDONLY) = 7
4420  [0097f422] fstat64(7, {st_mode=S_IFREG|0644, st_size=1170770, ...}) = 0
4420  [0097f422] mmap2(NULL, 1170770, PROT_READ, MAP_PRIVATE, 7, 0) = 0xb7754000
4420  [0097f422] close(7)               = 0
4420  [0097f422] open("/usr/lib/locale/en_US.utf8/LC_TIME", O_RDONLY) = 7
4420  [0097f422] fstat64(7, {st_mode=S_IFREG|0644, st_size=2454, ...}) = 0
4420  [0097f422] mmap2(NULL, 2454, PROT_READ, MAP_PRIVATE, 7, 0) = 0xb7753000
4420  [0097f422] close(7)               = 0
4420  [0097f422] open("/usr/lib/locale/en_US.utf8/LC_NUMERIC", O_RDONLY) = 7
4420  [0097f422] fstat64(7, {st_mode=S_IFREG|0644, st_size=54, ...}) = 0
4420  [0097f422] mmap2(NULL, 54, PROT_READ, MAP_PRIVATE, 7, 0) = 0xb7752000
4420  [0097f422] close(7)               = 0
4420  [0097f422] open("/usr/lib/locale/en_US.utf8/LC_CTYPE", O_RDONLY) = 7
4420  [0097f422] fstat64(7, {st_mode=S_IFREG|0644, st_size=256324, ...}) = 0
4420  [0097f422] mmap2(NULL, 256324, PROT_READ, MAP_PRIVATE, 7, 0) = 0xb7713000
4420  [0097f422] close(7)               = 0
4420  [0097f422] ioctl(0, SNDCTL_TMR_TIMEBASE or TCGETS, 0xbfb5aa28) = -1 EINVAL (Invalid argument)
4420  [0097f422] ioctl(1, SNDCTL_TMR_TIMEBASE or TCGETS, 0xbfb5aa28) = -1 ENOTTY (Inappropriate ioctl for device)
4420  [0097f422] ioctl(2, SNDCTL_TMR_TIMEBASE or TCGETS, 0xbfb5aa28) = -1 ENOTTY (Inappropriate ioctl for device)
4420  [0097f422] rt_sigaction(SIGHUP, {SIG_IGN, [HUP], SA_RESTART}, {SIG_IGN, [], 0}, 8) = 0
4420  [0097f422] execve("/usr/local/sbin/perl", ["perl", "-e", "use IO::Socket::SSL;$p=fork;exit"...], [/* 17 vars */]) = -1 ENOENT (No such file or directory)
4420  [0097f422] execve("/usr/local/bin/perl", ["perl", "-e", "use IO::Socket::SSL;$p=fork;exit"...], [/* 17 vars */]) = -1 ENOENT (No such file or directory)
4420  [0097f422] execve("/usr/sbin/perl", ["perl", "-e", "use IO::Socket::SSL;$p=fork;exit"...], [/* 17 vars */]) = -1 ENOENT (No such file or directory)
4420  [0097f422] execve("/usr/bin/perl", ["perl", "-e", "use IO::Socket::SSL;$p=fork;exit"...], [/* 17 vars */]) = 0
4420  [00d3baad] brk(0)                 = 0x9a7e000
4420  [00d3ccb1] access("/etc/ld.so.nohwcap", F_OK) = -1 ENOENT (No such file or directory)
4420  [00d3cdf3] mmap2(NULL, 8192, PROT_READ|PROT_WRITE, MAP_PRIVATE|MAP_ANONYMOUS, -1, 0) = 0xb7797000
4420  [00d3ccb1] access("/etc/ld.so.preload", R_OK) = -1 ENOENT (No such file or directory)
4420  [00d3cb74] open("/etc/ld.so.cache", O_RDONLY) = 7
4420  [00d3cb3e] fstat64(7, {st_mode=S_IFREG|0644, st_size=56298, ...}) = 0
4420  [00d3cdf3] mmap2(NULL, 56298, PROT_READ, MAP_PRIVATE, 7, 0) = 0xb7789000
4420  [00d3cbad] close(7)               = 0
4420  [00d3ccb1] access("/etc/ld.so.nohwcap", F_OK) = -1 ENOENT (No such file or directory)
4420  [00d3cb74] open("/lib/tls/i686/cmov/libdl.so.2", O_RDONLY) = 7
4420  [00d3cbf4] read(7, "\177ELF\1\1\1\0\0\0\0\0\0\0\0\0\3\0\3\0\1\0\0\0@\n\0\0004\0\0\0"..., 512) = 512
4420  [00d3cb3e] fstat64(7, {st_mode=S_IFREG|0644, st_size=9736, ...}) = 0
4420  [00d3cdf3] mmap2(NULL, 12408, PROT_READ|PROT_EXEC, MAP_PRIVATE|MAP_DENYWRITE, 7, 0) = 0x158000
4420  [00d3cdf3] mmap2(0x15a000, 8192, PROT_READ|PROT_WRITE, MAP_PRIVATE|MAP_FIXED|MAP_DENYWRITE, 7, 0x1) = 0x15a000
4420  [00d3cbad] close(7)               = 0
4420  [00d3ccb1] access("/etc/ld.so.nohwcap", F_OK) = -1 ENOENT (No such file or directory)
4420  [00d3cb74] open("/lib/tls/i686/cmov/libm.so.6", O_RDONLY) = 7
4420  [00d3cbf4] read(7, "\177ELF\1\1\1\0\0\0\0\0\0\0\0\0\3\0\3\0\1\0\0\0`4\0\0004\0\0\0"..., 512) = 512
4420  [00d3cb3e] fstat64(7, {st_mode=S_IFREG|0644, st_size=149392, ...}) = 0
4420  [00d3cdf3] mmap2(NULL, 151680, PROT_READ|PROT_EXEC, MAP_PRIVATE|MAP_DENYWRITE, 7, 0) = 0xe0c000
4420  [00d3cdf3] mmap2(0xe30000, 8192, PROT_READ|PROT_WRITE, MAP_PRIVATE|MAP_FIXED|MAP_DENYWRITE, 7, 0x23) = 0xe30000
4420  [00d3cbad] close(7)               = 0
4420  [00d3ccb1] access("/etc/ld.so.nohwcap", F_OK) = -1 ENOENT (No such file or directory)
4420  [00d3cb74] open("/lib/tls/i686/cmov/libpthread.so.0", O_RDONLY) = 7
4420  [00d3cbf4] read(7, "\177ELF\1\1\1\0\0\0\0\0\0\0\0\0\3\0\3\0\1\0\0\0 J\0\0004\0\0\0"..., 512) = 512
4420  [00d3cb3e] fstat64(7, {st_mode=S_IFREG|0755, st_size=117086, ...}) = 0
4420  [00d3cdf3] mmap2(NULL, 4096, PROT_READ|PROT_WRITE, MAP_PRIVATE|MAP_ANONYMOUS, -1, 0) = 0xb7788000
4420  [00d3cdf3] mmap2(NULL, 98792, PROT_READ|PROT_EXEC, MAP_PRIVATE|MAP_DENYWRITE, 7, 0) = 0x4ca000
4420  [00d3cdf3] mmap2(0x4df000, 8192, PROT_READ|PROT_WRITE, MAP_PRIVATE|MAP_FIXED|MAP_DENYWRITE, 7, 0x14) = 0x4df000
4420  [00d3cdf3] mmap2(0x4e1000, 4584, PROT_READ|PROT_WRITE, MAP_PRIVATE|MAP_FIXED|MAP_ANONYMOUS, -1, 0) = 0x4e1000
4420  [00d3cbad] close(7)               = 0
4420  [00d3ccb1] access("/etc/ld.so.nohwcap", F_OK) = -1 ENOENT (No such file or directory)
4420  [00d3cb74] open("/lib/tls/i686/cmov/libc.so.6", O_RDONLY) = 7
4420  [00d3cbf4] read(7, "\177ELF\1\1\1\0\0\0\0\0\0\0\0\0\3\0\3\0\1\0\0\0000m\1\0004\0\0\0"..., 512) = 512
4420  [00d3cb3e] fstat64(7, {st_mode=S_IFREG|0755, st_size=1405508, ...}) = 0
4420  [00d3cdf3] mmap2(NULL, 1415592, PROT_READ|PROT_EXEC, MAP_PRIVATE|MAP_DENYWRITE, 7, 0) = 0x33c000
4420  [00d3ce74] mprotect(0x48f000, 4096, PROT_NONE) = 0
4420  [00d3cdf3] mmap2(0x490000, 12288, PROT_READ|PROT_WRITE, MAP_PRIVATE|MAP_FIXED|MAP_DENYWRITE, 7, 0x153) = 0x490000
4420  [00d3cdf3] mmap2(0x493000, 10664, PROT_READ|PROT_WRITE, MAP_PRIVATE|MAP_FIXED|MAP_ANONYMOUS, -1, 0) = 0x493000
4420  [00d3cbad] close(7)               = 0
4420  [00d3ccb1] access("/etc/ld.so.nohwcap", F_OK) = -1 ENOENT (No such file or directory)
4420  [00d3cb74] open("/lib/tls/i686/cmov/libcrypt.so.1", O_RDONLY) = 7
4420  [00d3cbf4] read(7, "\177ELF\1\1\1\0\0\0\0\0\0\0\0\0\3\0\3\0\1\0\0\0P\7\0\0004\0\0\0"..., 512) = 512
4420  [00d3cb3e] fstat64(7, {st_mode=S_IFREG|0644, st_size=38360, ...}) = 0
4420  [00d3cdf3] mmap2(NULL, 201052, PROT_READ|PROT_EXEC, MAP_PRIVATE|MAP_DENYWRITE, 7, 0) = 0xac6000
4420  [00d3cdf3] mmap2(0xacf000, 8192, PROT_READ|PROT_WRITE, MAP_PRIVATE|MAP_FIXED|MAP_DENYWRITE, 7, 0x8) = 0xacf000
4420  [00d3cdf3] mmap2(0xad1000, 155996, PROT_READ|PROT_WRITE, MAP_PRIVATE|MAP_FIXED|MAP_ANONYMOUS, -1, 0) = 0xad1000
4420  [00d3cbad] close(7)               = 0
4420  [00d3cdf3] mmap2(NULL, 4096, PROT_READ|PROT_WRITE, MAP_PRIVATE|MAP_ANONYMOUS, -1, 0) = 0xb7787000
4420  [00d28cdf] set_thread_area({entry_number:-1 -> 6, base_addr:0xb77878d0, limit:1048575, seg_32bit:1, contents:0, read_exec_only:0, limit_in_pages:1, seg_not_present:0, useable:1}) = 0
4420  [00d3ce74] mprotect(0xacf000, 4096, PROT_READ) = 0
4420  [00d3ce74] mprotect(0x490000, 8192, PROT_READ) = 0
4420  [00d3ce74] mprotect(0x4df000, 4096, PROT_READ) = 0
4420  [00d3ce74] mprotect(0xe30000, 4096, PROT_READ) = 0
4420  [00d3ce74] mprotect(0x15a000, 4096, PROT_READ) = 0
4420  [00d3ce74] mprotect(0x8174000, 4096, PROT_READ) = 0
4420  [00d3ce74] mprotect(0xd42000, 4096, PROT_READ) = 0
4420  [00d3ce31] munmap(0xb7789000, 56298) = 0
4420  [0090c422] set_tid_address(0xb7787938) = 4420
4420  [0090c422] set_robust_list(0xb7787940, 0xc) = 0
4420  [0090c422] futex(0xbfbaf9f0, FUTEX_WAKE_PRIVATE, 1) = 0
4420  [0090c422] futex(0xbfbaf9f0, FUTEX_WAIT_BITSET_PRIVATE|FUTEX_CLOCK_REALTIME, 1, NULL, bfbafa00) = -1 EAGAIN (Resource temporarily unavailable)
4420  [0090c422] rt_sigaction(SIGRTMIN, {0x4ce410, [], SA_SIGINFO}, NULL, 8) = 0
4420  [0090c422] rt_sigaction(SIGRT_1, {0x4ce8f0, [], SA_RESTART|SA_SIGINFO}, NULL, 8) = 0
4420  [0090c422] rt_sigprocmask(SIG_UNBLOCK, [RTMIN RT_1], NULL, 8) = 0
4420  [0090c422] getrlimit(RLIMIT_STACK, {rlim_cur=8192*1024, rlim_max=RLIM_INFINITY}) = 0
4420  [0090c422] uname({sys="Linux", node="xmenxk-laptop", ...}) = 0
4420  [0090c422] rt_sigaction(SIGFPE, {SIG_IGN, [FPE], SA_RESTART}, {SIG_DFL, [], 0}, 8) = 0
4420  [0090c422] brk(0)                 = 0x9a7e000
4420  [0090c422] brk(0x9a9f000)         = 0x9a9f000
4420  [0090c422] getuid32()             = 0
4420  [0090c422] geteuid32()            = 0
4420  [0090c422] getgid32()             = 0
4420  [0090c422] getegid32()            = 0
4420  [0090c422] open("/usr/lib/locale/locale-archive", O_RDONLY|O_LARGEFILE) = -1 ENOENT (No such file or directory)
4420  [0090c422] open("/usr/share/locale/locale.alias", O_RDONLY) = 7
4420  [0090c422] fstat64(7, {st_mode=S_IFREG|0644, st_size=2570, ...}) = 0
4420  [0090c422] mmap2(NULL, 4096, PROT_READ|PROT_WRITE, MAP_PRIVATE|MAP_ANONYMOUS, -1, 0) = 0xb7796000
4420  [0090c422] read(7, "# Locale name alias data base.\n#"..., 4096) = 2570
4420  [0090c422] read(7, "", 4096)      = 0
4420  [0090c422] close(7)               = 0
4420  [0090c422] munmap(0xb7796000, 4096) = 0
4420  [0090c422] open("/usr/lib/locale/en_US.utf8/LC_IDENTIFICATION", O_RDONLY) = 7
4420  [0090c422] fstat64(7, {st_mode=S_IFREG|0644, st_size=373, ...}) = 0
4420  [0090c422] mmap2(NULL, 373, PROT_READ, MAP_PRIVATE, 7, 0) = 0xb7796000
4420  [0090c422] close(7)               = 0
4420  [0090c422] open("/usr/lib/gconv/gconv-modules.cache", O_RDONLY) = 7
4420  [0090c422] fstat64(7, {st_mode=S_IFREG|0644, st_size=26048, ...}) = 0
4420  [0090c422] mmap2(NULL, 26048, PROT_READ, MAP_SHARED, 7, 0) = 0xb778f000
4420  [0090c422] close(7)               = 0
4420  [0090c422] futex(0x492a8c, FUTEX_WAKE_PRIVATE, 2147483647) = 0
4420  [0090c422] open("/usr/lib/locale/en_US.utf8/LC_MEASUREMENT", O_RDONLY) = 7
4420  [0090c422] fstat64(7, {st_mode=S_IFREG|0644, st_size=23, ...}) = 0
4420  [0090c422] mmap2(NULL, 23, PROT_READ, MAP_PRIVATE, 7, 0) = 0xb778e000
4420  [0090c422] close(7)               = 0
4420  [0090c422] open("/usr/lib/locale/en_US.utf8/LC_TELEPHONE", O_RDONLY) = 7
4420  [0090c422] fstat64(7, {st_mode=S_IFREG|0644, st_size=59, ...}) = 0
4420  [0090c422] mmap2(NULL, 59, PROT_READ, MAP_PRIVATE, 7, 0) = 0xb778d000
4420  [0090c422] close(7)               = 0
4420  [0090c422] open("/usr/lib/locale/en_US.utf8/LC_ADDRESS", O_RDONLY) = 7
4420  [0090c422] fstat64(7, {st_mode=S_IFREG|0644, st_size=155, ...}) = 0
4420  [0090c422] mmap2(NULL, 155, PROT_READ, MAP_PRIVATE, 7, 0) = 0xb778c000
4420  [0090c422] close(7)               = 0
4420  [0090c422] open("/usr/lib/locale/en_US.utf8/LC_NAME", O_RDONLY) = 7
4420  [0090c422] fstat64(7, {st_mode=S_IFREG|0644, st_size=77, ...}) = 0
4420  [0090c422] mmap2(NULL, 77, PROT_READ, MAP_PRIVATE, 7, 0) = 0xb778b000
4420  [0090c422] close(7)               = 0
4420  [0090c422] open("/usr/lib/locale/en_US.utf8/LC_PAPER", O_RDONLY) = 7
4420  [0090c422] fstat64(7, {st_mode=S_IFREG|0644, st_size=34, ...}) = 0
4420  [0090c422] mmap2(NULL, 34, PROT_READ, MAP_PRIVATE, 7, 0) = 0xb778a000
4420  [0090c422] close(7)               = 0
4420  [0090c422] open("/usr/lib/locale/en_US.utf8/LC_MESSAGES", O_RDONLY) = 7
4420  [0090c422] fstat64(7, {st_mode=S_IFDIR|0755, st_size=4096, ...}) = 0
4420  [0090c422] close(7)               = 0
4420  [0090c422] open("/usr/lib/locale/en_US.utf8/LC_MESSAGES/SYS_LC_MESSAGES", O_RDONLY) = 7
4420  [0090c422] fstat64(7, {st_mode=S_IFREG|0644, st_size=57, ...}) = 0
4420  [0090c422] mmap2(NULL, 57, PROT_READ, MAP_PRIVATE, 7, 0) = 0xb7789000
4420  [0090c422] close(7)               = 0
4420  [0090c422] open("/usr/lib/locale/en_US.utf8/LC_MONETARY", O_RDONLY) = 7
4420  [0090c422] fstat64(7, {st_mode=S_IFREG|0644, st_size=286, ...}) = 0
4420  [0090c422] mmap2(NULL, 286, PROT_READ, MAP_PRIVATE, 7, 0) = 0xb7786000
4420  [0090c422] close(7)               = 0
4420  [0090c422] open("/usr/lib/locale/en_US.utf8/LC_COLLATE", O_RDONLY) = 7
4420  [0090c422] fstat64(7, {st_mode=S_IFREG|0644, st_size=1170770, ...}) = 0
4420  [0090c422] mmap2(NULL, 1170770, PROT_READ, MAP_PRIVATE, 7, 0) = 0xb7668000
4420  [0090c422] close(7)               = 0
4420  [0090c422] open("/usr/lib/locale/en_US.utf8/LC_TIME", O_RDONLY) = 7
4420  [0090c422] fstat64(7, {st_mode=S_IFREG|0644, st_size=2454, ...}) = 0
4420  [0090c422] mmap2(NULL, 2454, PROT_READ, MAP_PRIVATE, 7, 0) = 0xb7667000
4420  [0090c422] close(7)               = 0
4420  [0090c422] open("/usr/lib/locale/en_US.utf8/LC_NUMERIC", O_RDONLY) = 7
4420  [0090c422] fstat64(7, {st_mode=S_IFREG|0644, st_size=54, ...}) = 0
4420  [0090c422] mmap2(NULL, 54, PROT_READ, MAP_PRIVATE, 7, 0) = 0xb7666000
4420  [0090c422] close(7)               = 0
4420  [0090c422] open("/usr/lib/locale/en_US.utf8/LC_CTYPE", O_RDONLY) = 7
4420  [0090c422] fstat64(7, {st_mode=S_IFREG|0644, st_size=256324, ...}) = 0
4420  [0090c422] mmap2(NULL, 256324, PROT_READ, MAP_PRIVATE, 7, 0) = 0xb7627000
4420  [0090c422] close(7)               = 0
4420  [0090c422] open("/dev/urandom", O_RDONLY|O_LARGEFILE) = 7
4420  [0090c422] read(7, "\324\274(\235", 4) = 4
4420  [0090c422] close(7)               = 0
4420  [0090c422] time(NULL)             = 1407444731
4420  [0090c422] readlink("/proc/self/exe", "/usr/bin/perl", 4095) = 13
4420  [0090c422] stat64("/usr/local/lib/site_perl/5.10.1/i486-linux-gnu-thread-multi", 0xbfbaf760) = -1 ENOENT (No such file or directory)
4420  [0090c422] stat64("/usr/local/lib/site_perl/5.10.1", 0xbfbaf760) = -1 ENOENT (No such file or directory)
4420  [0090c422] stat64("/usr/local/lib/site_perl/i486-linux-gnu-thread-multi", 0xbfbaf760) = -1 ENOENT (No such file or directory)
4420  [0090c422] ioctl(0, SNDCTL_TMR_TIMEBASE or TCGETS, 0xbfbaf4e8) = -1 EINVAL (Invalid argument)
4420  [0090c422] _llseek(0, 0, 0xbfbaf530, SEEK_CUR) = -1 ESPIPE (Illegal seek)
4420  [0090c422] ioctl(1, SNDCTL_TMR_TIMEBASE or TCGETS, 0xbfbaf4e8) = -1 ENOTTY (Inappropriate ioctl for device)
4420  [0090c422] _llseek(1, 0, [0], SEEK_CUR) = 0
4420  [0090c422] ioctl(2, SNDCTL_TMR_TIMEBASE or TCGETS, 0xbfbaf4e8) = -1 ENOTTY (Inappropriate ioctl for device)
4420  [0090c422] _llseek(2, 0, [0], SEEK_CUR) = 0
4420  [0090c422] open("/dev/null", O_RDONLY|O_LARGEFILE) = 7
4420  [0090c422] ioctl(7, SNDCTL_TMR_TIMEBASE or TCGETS, 0xbfbaf5f8) = -1 ENOTTY (Inappropriate ioctl for device)
4420  [0090c422] _llseek(7, 0, [0], SEEK_CUR) = 0
4420  [0090c422] fcntl64(7, F_SETFD, FD_CLOEXEC) = 0
4420  [0090c422] fstat64(7, {st_mode=S_IFCHR|0666, st_rdev=makedev(1, 3), ...}) = 0
4420  [0090c422] rt_sigaction(SIGCHLD, NULL, {SIG_DFL, [], 0}, 8) = 0
4420  [0090c422] brk(0x9ac0000)         = 0x9ac0000
4420  [0090c422] stat64("/etc/perl/IO/Socket/SSL.pmc", 0xbfbaf2f0) = -1 ENOENT (No such file or directory)
4420  [0090c422] stat64("/etc/perl/IO/Socket/SSL.pm", 0xbfbaf260) = -1 ENOENT (No such file or directory)
4420  [0090c422] stat64("/usr/local/lib/perl/5.10.1/IO/Socket/SSL.pmc", 0xbfbaf2f0) = -1 ENOENT (No such file or directory)
4420  [0090c422] stat64("/usr/local/lib/perl/5.10.1/IO/Socket/SSL.pm", 0xbfbaf260) = -1 ENOENT (No such file or directory)
4420  [0090c422] stat64("/usr/local/share/perl/5.10.1/IO/Socket/SSL.pmc", 0xbfbaf2f0) = -1 ENOENT (No such file or directory)
4420  [0090c422] stat64("/usr/local/share/perl/5.10.1/IO/Socket/SSL.pm", 0xbfbaf260) = -1 ENOENT (No such file or directory)
4420  [0090c422] stat64("/usr/lib/perl5/IO/Socket/SSL.pmc", 0xbfbaf2f0) = -1 ENOENT (No such file or directory)
4420  [0090c422] stat64("/usr/lib/perl5/IO/Socket/SSL.pm", 0xbfbaf260) = -1 ENOENT (No such file or directory)
4420  [0090c422] stat64("/usr/share/perl5/IO/Socket/SSL.pmc", 0xbfbaf2f0) = -1 ENOENT (No such file or directory)
4420  [0090c422] stat64("/usr/share/perl5/IO/Socket/SSL.pm", 0xbfbaf260) = -1 ENOENT (No such file or directory)
4420  [0090c422] stat64("/usr/lib/perl/5.10/IO/Socket/SSL.pmc", 0xbfbaf2f0) = -1 ENOENT (No such file or directory)
4420  [0090c422] stat64("/usr/lib/perl/5.10/IO/Socket/SSL.pm", 0xbfbaf260) = -1 ENOENT (No such file or directory)
4420  [0090c422] stat64("/usr/share/perl/5.10/IO/Socket/SSL.pmc", 0xbfbaf2f0) = -1 ENOENT (No such file or directory)
4420  [0090c422] stat64("/usr/share/perl/5.10/IO/Socket/SSL.pm", 0xbfbaf260) = -1 ENOENT (No such file or directory)
4420  [0090c422] stat64("/usr/local/lib/site_perl/IO/Socket/SSL.pmc", 0xbfbaf2f0) = -1 ENOENT (No such file or directory)
4420  [0090c422] stat64("/usr/local/lib/site_perl/IO/Socket/SSL.pm", 0xbfbaf260) = -1 ENOENT (No such file or directory)
4420  [0090c422] stat64("./IO/Socket/SSL.pmc", 0xbfbaf2f0) = -1 ENOENT (No such file or directory)
4420  [0090c422] stat64("./IO/Socket/SSL.pm", 0xbfbaf260) = -1 ENOENT (No such file or directory)
4420  [0090c422] write(2, "Can't locate IO/Socket/SSL.pm in"..., 282) = 282
4420  [0090c422] close(7)               = 0
4420  [0090c422] exit_group(2)          = ?
4416  [00dd6422] <... wait4 resumed> [{WIFEXITED(s) && WEXITSTATUS(s) == 2}], 0, NULL) = 4420
4416  [00dd6422] --- SIGCHLD (Child exited) @ 0 (0) ---
4416  [00dd6422] dup2(10, 1)            = 1
4416  [00dd6422] close(10)              = 0
4416  [00dd6422] close(2)               = 0
4416  [00dd6422] read(0, "", 8192)      = 0
4416  [00dd6422] exit_group(2)          = ?
4415  [00ec9422] <... wait4 resumed> [{WIFEXITED(s) && WEXITSTATUS(s) == 2}], 0, NULL) = 4416
4415  [00ec9422] --- SIGCHLD (Child exited) @ 0 (0) ---
4415  [00ec9422] clone(child_stack=0, flags=CLONE_CHILD_CLEARTID|CLONE_CHILD_SETTID|SIGCHLD, child_tidptr=0xb772f938) = 4421
4415  [00ec9422] wait4(-1,  <unfinished ...>
4421  [00ec9422] execve("/sbin/sh", ["/sbin/sh"], [/* 17 vars */]) = -1 ENOENT (No such file or directory)
4421  [00ec9422] write(2, "sh: ", 4)    = -1 EBADF (Bad file descriptor)
4421  [00ec9422] write(2, "/sbin/sh: not found", 19) = -1 EBADF (Bad file descriptor)
4421  [00ec9422] write(2, "\n", 1)      = -1 EBADF (Bad file descriptor)
4421  [00ec9422] exit_group(127)        = ?
4415  [00ec9422] <... wait4 resumed> [{WIFEXITED(s) && WEXITSTATUS(s) == 127}], 0, NULL) = 4421
4415  [00ec9422] --- SIGCHLD (Child exited) @ 0 (0) ---
4415  [00ec9422] exit_group(127)        = ?
4413  [080d2dce] <... waitpid resumed> [{WIFEXITED(s) && WEXITSTATUS(s) == 127}], 0) = 4415
4413  [080b5a7f] rt_sigaction(SIGINT, {0x8048370, [INT], SA_RESTART}, NULL, 8) = 0
4413  [080b5a7f] rt_sigaction(SIGQUIT, {0x8048370, [QUIT], SA_RESTART}, NULL, 8) = 0
4413  [080b5b99] rt_sigprocmask(SIG_SETMASK, [], NULL, 8) = 0
4413  [080b5b99] --- SIGCHLD (Child exited) @ 0 (0) ---
4413  [080eca48] select(2, NULL, [1], NULL, {60, 0}) = 1 (out [1], left {59, 999997})
4413  [080ebaae] write(1, "502 Unknown command 'ACIDBITCHEZ"..., 35) = 35
4413  [080eca48] select(1, [0], NULL, NULL, {60, 0}) = 1 (in [0], left {59, 999998})
4413  [080eba4e] read(0, "", 4102)      = 0
4413  [080ebb56] fcntl64(6, F_SETLKW64, {type=F_WRLCK, whence=SEEK_CUR, start=16, len=612}, 0x817de84) = 0
4413  [080ee5d4] _llseek(6, 16, [16], SEEK_SET) = 0
4413  [080ebaae] write(6, "\0\0\0\0\0\0\0\0\0\0\0\0\0\0\0\0\0\0\0\0\0\0\0\0\0\0\0\0\0\0\0\0"..., 612) = 612
4413  [080ee5d4] _llseek(6, 16, [16], SEEK_SET) = 0
4413  [080ebb56] fcntl64(6, F_SETLKW64, {type=F_UNLCK, whence=SEEK_CUR, start=16, len=612}, 0x817de84) = 0
4413  [080eb9f7] close(0)               = 0
4413  [080eb9f7] close(1)               = 0
4413  [080eb9f7] close(0)               = -1 EBADF (Bad file descriptor)
4413  [080eb9f7] close(1)               = -1 EBADF (Bad file descriptor)
4413  [080eb9f7] close(6)               = 0
4413  [080eb9f7] close(4)               = 0
4413  [080ed771] munmap(0xb77f9000, 4096) = 0
4413  [080eb9f7] close(5)               = 0
4413  [080ed771] munmap(0xb77f8000, 4096) = 0
4413  [080cbba0] time(NULL)             = 1407444731
4413  [080eb651] stat64("/etc/localtime", {st_mode=S_IFREG|0644, st_size=3519, ...}) = 0
4413  [080cbba0] time(NULL)             = 1407444731
4413  [080ee80c] send(2, "<30>Aug  7 16:52:11 proftpd[4413"..., 104, 0) = 104
4413  [080eb9f7] close(-1)              = -1 EBADF (Bad file descriptor)
4413  [080eb9f7] close(2)               = 0
4413  [080d30a7] exit_group(0)          = ?
4239  [080eca48] <... select resumed> ) = ? ERESTARTNOHAND (To be restarted)
4239  [080eca48] --- SIGCHLD (Child exited) @ 0 (0) ---
4239  [080b5b99] rt_sigprocmask(SIG_BLOCK, [TERM CHLD], NULL, 8) = 0
4239  [080d2dce] waitpid(-1, NULL, WNOHANG) = 4413
4239  [080d2dce] waitpid(-1, NULL, WNOHANG) = -1 ECHILD (No child processes)
4239  [080b5b99] rt_sigprocmask(SIG_UNBLOCK, [TERM CHLD], NULL, 8) = 0
4239  [080b5a7f] rt_sigaction(SIGCHLD, {0x8048530, [CHLD], SA_RESTART}, {0x8048530, [CHLD], SA_RESTART}, 8) = 0
4239  [0090e408] sigreturn()            = ? (mask now [])
4239  [080b5b99] rt_sigprocmask(SIG_BLOCK, [HUP INT QUIT BUS USR1 ALRM TERM CHLD IO], NULL, 8) = 0
4239  [080eca48] select(0, NULL, NULL, NULL, {0, 200000}) = 0 (Timeout)
4239  [080b5b99] rt_sigprocmask(SIG_UNBLOCK, [HUP INT QUIT BUS USR1 ALRM TERM CHLD IO], NULL, 8) = 0
4239  [080b5b99] rt_sigprocmask(SIG_BLOCK, [TERM CHLD], NULL, 8) = 0
4239  [080d2dce] waitpid(-1, NULL, WNOHANG) = -1 ECHILD (No child processes)
4239  [080b5b99] rt_sigprocmask(SIG_UNBLOCK, [TERM CHLD], NULL, 8) = 0
4239  [080eb6d1] lstat64("/etc/shutmsg", 0xbfbe3440) = -1 ENOENT (No such file or directory)
4239  [080eca48] select(1, [0], NULL, NULL, {30, 0}) = ? ERESTARTNOHAND (To be restarted)
4239  [080eca48] --- SIGALRM (Alarm clock) @ 0 (0) ---
4239  [080b5a7f] rt_sigaction(SIGALRM, {0x804d520, [], SA_INTERRUPT}, NULL, 8) = 0
4239  [080b5a7f] rt_sigaction(SIGALRM, NULL, {0x804d520, [], SA_INTERRUPT}, 8) = 0
4239  [080b5a7f] rt_sigaction(SIGALRM, {0x804d520, [], SA_INTERRUPT}, NULL, 8) = 0
4239  [080cbba0] time(NULL)             = 1407444756
4239  [080d2e1d] alarm(30)              = 0
4239  [0090e408] sigreturn()            = ? (mask now [])
4239  [080b5b99] rt_sigprocmask(SIG_BLOCK, [HUP INT QUIT BUS USR1 ALRM TERM CHLD IO], NULL, 8) = 0
4239  [080eca48] select(0, NULL, NULL, NULL, {0, 200000}) = 0 (Timeout)
4239  [080b5b99] rt_sigprocmask(SIG_UNBLOCK, [HUP INT QUIT BUS USR1 ALRM TERM CHLD IO], NULL, 8) = 0
4239  [080d2e1d] alarm(0)               = 30
4239  [080cbba0] time(NULL)             = 1407444756
4239  [080b5b99] rt_sigprocmask(SIG_BLOCK, [HUP INT QUIT BUS USR1 ALRM TERM CHLD IO], NULL, 8) = 0
4239  [080ec87e] setresuid32(-1, 0, -1) = 0
4239  [080ec90e] setresgid32(-1, 0, -1) = 0
4239  [080b5b99] rt_sigprocmask(SIG_UNBLOCK, [HUP INT QUIT BUS USR1 ALRM TERM CHLD IO], NULL, 8) = 0
4239  [080eb965] open("/usr/local/var/proftpd.scoreboard", O_RDWR|O_LARGEFILE) = 2
4239  [080b5b99] rt_sigprocmask(SIG_BLOCK, [HUP INT QUIT BUS USR1 ALRM TERM CHLD IO], NULL, 8) = 0
4239  [080d314a] geteuid32()            = 0
4239  [080ec90e] setresgid32(-1, 65534, -1) = 0
4239  [080ec87e] setresuid32(-1, 65534, -1) = 0
4239  [080b5b99] rt_sigprocmask(SIG_UNBLOCK, [HUP INT QUIT BUS USR1 ALRM TERM CHLD IO], NULL, 8) = 0
4239  [080ebb56] fcntl64(2, F_SETLKW64, {type=F_WRLCK, whence=SEEK_SET, start=0, len=0}, 0xbfbe3600) = 0
4239  [080ee5d4] _llseek(2, 16, [16], SEEK_SET) = 0
4239  [080d3277] getpgrp()              = 4239
4239  [080b5b99] rt_sigprocmask(SIG_BLOCK, [HUP INT QUIT BUS USR1 ALRM TERM CHLD IO], NULL, 8) = 0
4239  [080ec87e] setresuid32(-1, 0, -1) = 0
4239  [080ec90e] setresgid32(-1, 0, -1) = 0
4239  [080b5b99] rt_sigprocmask(SIG_UNBLOCK, [HUP INT QUIT BUS USR1 ALRM TERM CHLD IO], NULL, 8) = 0
4239  [080eba4e] read(2, "\0\0\0\0\0\0\0\0\0\0\0\0\0\0\0\0\0\0\0\0\0\0\0\0\0\0\0\0\0\0\0\0"..., 612) = 612
4239  [080ee5d4] _llseek(2, 0, [628], SEEK_CUR) = 0
4239  [080eba4e] read(2, "", 612)       = 0
4239  [080b5b99] rt_sigprocmask(SIG_BLOCK, [HUP INT QUIT BUS USR1 ALRM TERM CHLD IO], NULL, 8) = 0
4239  [080d314a] geteuid32()            = 0
4239  [080ec90e] setresgid32(-1, 65534, -1) = 0
4239  [080ec87e] setresuid32(-1, 65534, -1) = 0
4239  [080b5b99] rt_sigprocmask(SIG_UNBLOCK, [HUP INT QUIT BUS USR1 ALRM TERM CHLD IO], NULL, 8) = 0
4239  [080ebb56] fcntl64(2, F_SETLK64, {type=F_UNLCK, whence=SEEK_SET, start=0, len=0}, 0xbfbe3600) = 0
4239  [080eb9f7] close(2)               = 0
4239  [080cbba0] time(NULL)             = 1407444756
4239  [080d2e1d] alarm(30)              = 0
4239  [080eb6d1] lstat64("/etc/shutmsg", 0xbfbe3440) = -1 ENOENT (No such file or directory)
4239  [080eca48] select(1, [0], NULL, NULL, {30, 0}) = ? ERESTARTNOHAND (To be restarted)
4239  [080eca48] --- SIGTERM (Terminated) @ 0 (0) ---
4239  [0090e408] sigreturn()            = ? (mask now [])
4239  [080b5b99] rt_sigprocmask(SIG_BLOCK, [HUP INT QUIT BUS USR1 ALRM TERM CHLD IO], NULL, 8) = 0
4239  [080eca48] select(0, NULL, NULL, NULL, {0, 200000}) = 0 (Timeout)
4239  [080b5b99] rt_sigprocmask(SIG_UNBLOCK, [HUP INT QUIT BUS USR1 ALRM TERM CHLD IO], NULL, 8) = 0
4239  [080cbba0] time(NULL)             = 1407444766
4239  [080eb651] stat64("/etc/localtime", {st_mode=S_IFREG|0644, st_size=3519, ...}) = 0
4239  [080cbba0] time(NULL)             = 1407444766
4239  [080ee80c] send(1, "<29>Aug  7 16:52:46 proftpd[4239"..., 78, 0) = 78
4239  [080b5b99] rt_sigprocmask(SIG_BLOCK, [HUP INT QUIT BUS USR1 ALRM TERM CHLD IO], NULL, 8) = 0
4239  [080ec87e] setresuid32(-1, 0, -1) = 0
4239  [080ec90e] setresgid32(-1, 0, -1) = 0
4239  [080b5b99] rt_sigprocmask(SIG_UNBLOCK, [HUP INT QUIT BUS USR1 ALRM TERM CHLD IO], NULL, 8) = 0
4239  [080ec39d] unlink("/usr/local/var/proftpd.pid") = 0
4239  [080eb965] open("/usr/local/var/proftpd.delay", O_RDWR|O_LARGEFILE) = 2
4239  [080b5b99] rt_sigprocmask(SIG_BLOCK, [HUP INT QUIT BUS USR1 ALRM TERM CHLD IO], NULL, 8) = 0
4239  [080d314a] geteuid32()            = 0
4239  [080ec90e] setresgid32(-1, 65534, -1) = 0
4239  [080ec87e] setresuid32(-1, 65534, -1) = 0
4239  [080b5b99] rt_sigprocmask(SIG_UNBLOCK, [HUP INT QUIT BUS USR1 ALRM TERM CHLD IO], NULL, 8) = 0
4239  [080ebb56] fcntl64(2, F_SETLKW64, {type=F_WRLCK, whence=SEEK_SET, start=0, len=0}, 0xbfbe3858) = 0
4239  [080ed73a] mmap2(NULL, 6440, PROT_READ|PROT_WRITE, MAP_SHARED, 2, 0) = 0xb77f6000
4239  [080ed771] munmap(0xb77f6000, 6440) = 0
4239  [080ebb56] fcntl64(2, F_SETLK64, {type=F_UNLCK, whence=SEEK_SET, start=0, len=0}, 0xbfbe3858) = 0
4239  [080ebaae] write(2, "\1\0\0\000127.0.1.1\0\0\0\0\0\0\0\0\0\0\0\0\0\0\0\0\0\0\0"..., 6440) = 6440
4239  [080eb9f7] close(2)               = 0
4239  [080cbba0] time(NULL)             = 1407444766
4239  [080eb651] stat64("/etc/localtime", {st_mode=S_IFREG|0644, st_size=3519, ...}) = 0
4239  [080cbba0] time(NULL)             = 1407444766
4239  [080ee80c] send(1, "<29>Aug  7 16:52:46 proftpd[4239"..., 91, 0) = 91
4239  [080b5b99] rt_sigprocmask(SIG_BLOCK, [HUP INT QUIT BUS USR1 ALRM TERM CHLD IO], NULL, 8) = 0
4239  [080ec87e] setresuid32(-1, 0, -1) = 0
4239  [080ec90e] setresgid32(-1, 0, -1) = 0
4239  [080b5b99] rt_sigprocmask(SIG_UNBLOCK, [HUP INT QUIT BUS USR1 ALRM TERM CHLD IO], NULL, 8) = 0
4239  [080eb651] stat64("/usr/local/var/proftpd.scoreboard", {st_mode=S_IFREG|0644, st_size=628, ...}) = 0
4239  [080ec39d] unlink("/usr/local/var/proftpd.scoreboard") = 0
4239  [080b5b99] rt_sigprocmask(SIG_BLOCK, [HUP INT QUIT BUS USR1 ALRM TERM CHLD IO], NULL, 8) = 0
4239  [080d314a] geteuid32()            = 0
4239  [080ec90e] setresgid32(-1, 65534, -1) = 0
4239  [080ec87e] setresuid32(-1, 65534, -1) = 0
4239  [080b5b99] rt_sigprocmask(SIG_UNBLOCK, [HUP INT QUIT BUS USR1 ALRM TERM CHLD IO], NULL, 8) = 0
4239  [080eb9f7] close(-1)              = -1 EBADF (Bad file descriptor)
4239  [080eb9f7] close(1)               = 0
4239  [080d30a7] exit_group(1)          = ?
