[0x401359] __libc_start_main(0x408c8c, 2, 0x7fff3342e948, 0x40c040, 0x40c0d0 <unfinished ...>
[0x407b7e] strrchr("../source/gzip.exe", '/')    = "/gzip.exe"
[0x407c48] getenv("GZIP")                        = NULL
[0x408d7c] signal(2, 0x00000001)                 = NULL
[0x408da8] signal(2, 0x0040c000)                 = 0x00000001
[0x408db7] signal(15, 0x00000001)                = NULL
[0x408dcf] signal(15, 0x0040c000)                = 0x00000001
[0x408dde] signal(1, 0x00000001)                 = NULL
[0x408df6] signal(1, 0x0040c000)                 = 0x00000001
[0x40915b] getopt_long(2, 0x7fff3342e948, "ab:cdfhH?lLmMnNqrS:tvVZ123456789", 0x0060fe80, NULL) = 86
[0x408b8a] printf("%s %s\n(%s)\n", "gzip", "1.3", "1999-12-21") = 22
[0x408ba0] puts("Copyright 1999 Free Software Fou"...) = 40
[0x408ba0] puts("Copyright 1992-1993 Jean-loup Ga"...) = 37
[0x408ba0] puts("This program comes with ABSOLUTE"...) = 48
[0x408ba0] puts("You may redistribute copies of t"...) = 44
[0x408ba0] puts("under the terms of the GNU Gener"...) = 51
[0x408ba0] puts("For more information about these"...) = 70
[0x408bd3] printf("Compilation options:\n%s %s ", "DIRENT", "UTIME") = 34
[0x408be5] printf("STDC_HEADERS ")               = 13
[0x408bf7] printf("HAVE_UNISTD_H ")              = 14
[0x408c09] printf("HAVE_MEMORY_H ")              = 14
[0x408c1b] printf("HAVE_STRING_H ")              = 14
[0x408c25] putchar(10, 0x40c7b2, 0x7fd67261dab0, 13, 0x7fd672841183) = 10
[0x408c2f] puts("Written by Jean-loup Gailly.")  = 29
[0x40c000] exit(0 <unfinished ...>
[0xffffffffffffffff] +++ exited (status 0) +++
