[0x401799] __libc_start_main(0x4037f0, 4, 0x7fff92e798f8, 0x4189a0, 0x418a30 <unfinished ...>
[0x403839] strrchr("target5", '/')               = NULL
[0x4038b8] setlocale(6, "")                      = "en_US.UTF-8"
[0x4038c7] bindtextdomain("grep", "/nfs/spectre/u4/jin/research/exp"...) = "/nfs/spectre/u4/jin/research/exp"...
[0x4038d1] textdomain("grep")                    = "grep"
[0x4038db] getenv("GREP_OPTIONS")                = NULL
[0x403ed4] getopt_long(4, 0x7fff92e798f8, "0123456789A:B:C::EFGHIUVX:abcd:e"..., 0x0061d1e0, NULL) = 70
[0x403ed4] getopt_long(4, 0x7fff92e798f8, "0123456789A:B:C::EFGHIUVX:abcd:e"..., 0x0061d1e0, NULL) = -1
[0x403537] strcmp("fgrep", "default")            = 2
[0x403537] strcmp("fgrep", "grep")               = -1
[0x403537] strcmp("fgrep", "egrep")              = 1
[0x403537] strcmp("fgrep", "awk")                = 5
[0x403537] strcmp("fgrep", "fgrep")              = 0
[0x401911] malloc(2440)                          = 0x00ad7090
[0x40a92b] _obstack_begin(0xad7090, 0, 0, 0x4018f9, 0x401410 <unfinished ...>
[0x401911] malloc(4064)                          = 0x00ad7a20
[0x40a92b] <... _obstack_begin resumed> )        = 1
[0x4040e7] strcmp("../inputs/grep1.dat", "-")    = 1
[0x402e37] open("../inputs/grep1.dat", 0, 00)    = 3
[0x401bd7] getpagesize()                         = 4096
[0x401a6f] malloc(45056)                         = 0x00ad8a10
[0x401d33] __fxstat(1, 3, 0x0061d808)            = 0
[0x4020b3] memmove(0xadb000, 0xad9000, 0, 0xad9000, 3) = 0xadb000
[0x402213] read(3, "/* grep.c - main driver file for"..., 32768) = 32768
[0x402a9f] memchr("/* grep.c - main driver file for"..., '\000', 32768) = NULL
[0x40d45a] memchr(" <stdio.h> */\n\n/* Comment out al"..., '\n', 12976) = 0x00adfd41
[0x4024d9] fwrite("/*#include <stdio.h> */\n\n/* Comm"..., 1, 24, 0x7f343923a260) = 24
[0x4024e8] ferror(0x7f343923a260)                = 0
[0x4020b3] memmove(0xadafe4, 0xae2fe4, 28, 0xae2fe4, 0x7f343923a260) = 0xadafe4
[0x402213] read(3, "= '-'\n\t   && (argv[optind][1] =="..., 32768) = 32768
[0x40d45a] memchr(" <stdio.h>*/\n\n/* It is useful to"..., '\n', 11377) = 0x00ae0394
[0x4024d9] fwrite("/*#include <stdio.h>*/\n\n/* It is"..., 1, 23, 0x7f343923a260) = 23
[0x4024e8] ferror(0x7f343923a260)                = 0
[0x4020b3] memmove(0xadaff9, 0xae2ff9, 7, 0xae2ff9, 0x7f343923a260) = 0xadaff9
[0x402213] read(3, "_BUFFER_SPACE (1);\t\t\t\t\t\t\\\n    *b"..., 32768) = 32768
[0x4020b3] memmove(0xadafda, 0xae2fda, 38, 0xae2fda, 0x7f343923a260) = 0xadafda
[0x402213] read(3, "RE_CONTEXT_INDEP_OPS)\n          "..., 32768) = 32768
[0x4020b3] memmove(0xadaffc, 0xae2ffc, 4, 0xae2ffc, 0x7f343923a260) = 0xadaffc
[0x402213] read(3, "}\n  else\n    {\n      bufp->regs_"..., 32768) = 32768
[0x4020b3] memmove(0xadafec, 0xae2fec, 20, 0xae2fec, 0x7f343923a260) = 0xadafec
[0x402213] read(3, "/* do nothing */ ;\n             "..., 32768) = 32768
[0x4020b3] memmove(0xadafeb, 0xae2feb, 21, 0xae2feb, 0x7f343923a260) = 0xadafeb
[0x402213] read(3, "n, cflags)\n    regex_t *preg;\n  "..., 32768) = 32768
[0x40d45a] memchr(" <assert.h> */\n/*#include <ctype"..., '\n', 26036) = 0x00adca1d
[0x4024d9] fwrite("/*#include <assert.h> */\n/*#incl"..., 1, 25, 0x7f343923a260) = 25
[0x4024e8] ferror(0x7f343923a260)                = 0
[0x40d45a] memchr(" <ctype.h> */\n/*#include <stdio."..., '\n', 26011) = 0x00adca35
[0x4024d9] fwrite("/*#include <ctype.h> */\n/*#inclu"..., 1, 24, 0x7f343923a260) = 24
[0x4024e8] ferror(0x7f343923a260)                = 0
[0x40d45a] memchr(" <stdio.h> */\n\n#ifdef STDC_HEADE"..., '\n', 25987) = 0x00adca4d
[0x4024d9] fwrite("/*#include <stdio.h> */\n\n#ifdef "..., 1, 24, 0x7f343923a260) = 24
[0x4024e8] ferror(0x7f343923a260)                = 0
[0x40d45a] memchr(" "regex.h"*/\n\n#if __STDC__\ntyped"..., '\n', 24354) = 0x00add0ad
[0x4024d9] fwrite("/*#include "regex.h"*/\n\n#if __ST"..., 1, 23, 0x7f343923a260) = 23
[0x4024e8] ferror(0x7f343923a260)                = 0
[0x4020b3] memmove(0xadafc3, 0xae2fc3, 61, 0xae2fc3, 0x7f343923a260) = 0xadafc3
[0x402213] read(3, "gument, union\n     the lastpos o"..., 32768) = 32768
[0x4020b3] memmove(0xadaff1, 0xae2ff1, 15, 0xae2ff1, 0x7f343923a260) = 0xadaff1
[0x402213] read(3, "derr);\n#endif\n  for (ri = 0; ri "..., 32768) = 32768
[0x40d45a] memchr(" "obstack.h"*/\n\n/* This is just "..., '\n', 6333) = 0x00ae1712
[0x4024d9] fwrite("/*#include "obstack.h"*/\n\n/* Thi"..., 1, 25, 0x7f343923a260) = 25
[0x4024e8] ferror(0x7f343923a260)                = 0
[0x40d45a] memchr(" <stdio.h>*/\n\n/* Comment out all"..., '\n', 6255) = 0x00ae175e
[0x4024d9] fwrite("/*#include <stdio.h>*/\n\n/* Comme"..., 1, 23, 0x7f343923a260) = 23
[0x4024e8] ferror(0x7f343923a260)                = 0
[0x4020b3] memmove(0xadafc1, 0xae2fc1, 63, 0xae2fc1, 0x7f343923a260) = 0xadafc1
[0x402213] read(3, "size;\n\n  /* Move the existing ob"..., 32768) = 19280
[0x40d45a] memchr(" <ctype.h>*/\n\n#ifdef STDC_HEADER"..., '\n', 11636) = 0x00adcde3
[0x4024d9] fwrite("/*#include <ctype.h>*/\n\n#ifdef S"..., 1, 23, 0x7f343923a260) = 23
[0x4024e8] ferror(0x7f343923a260)                = 0
[0x40d45a] memchr(" "grep.h"*/\n/*#include "dfa.h"*/"..., '\n', 10681) = 0x00add19d
[0x4024d9] fwrite("/*#include "grep.h"*/\n/*#include"..., 1, 22, 0x7f343923a260) = 22
[0x4024e8] ferror(0x7f343923a260)                = 0
[0x40d45a] memchr(" "dfa.h"*/\n/*#include "kwset.h"*"..., '\n', 10659) = 0x00add1b2
[0x4024d9] fwrite("/*#include "dfa.h"*/\n/*#include "..., 1, 21, 0x7f343923a260) = 21
[0x4024e8] ferror(0x7f343923a260)                = 0
[0x40d45a] memchr(" "kwset.h"*/\n/*#include "regex.h"..., '\n', 10638) = 0x00add1c9
[0x4024d9] fwrite("/*#include "kwset.h"*/\n/*#includ"..., 1, 23, 0x7f343923a260) = 23
[0x4024e8] ferror(0x7f343923a260)                = 0
[0x40d45a] memchr(" "regex.h"*/\n\n#define NCHAR (UCH"..., '\n', 10615) = 0x00add1e0
[0x4024d9] fwrite("/*#include "regex.h"*/\n\n#define "..., 1, 23, 0x7f343923a260) = 23
[0x4024e8] ferror(0x7f343923a260)                = 0
[0x4020b3] memmove(0xadaffb, 0xadfb4b, 5, 0xadfb4b, 0x7f343923a260) = 0xadaffb
[0x402213] read(3, "", 32768)                    = 0
[0x40304f] close(3)                              = 0
[0x404145] fclose(0x7f343923a260)                = 0
[0x404180] exit(0 <unfinished ...>
[0xffffffffffffffff] +++ exited (status 0) +++
