[    7fca96f8f477] execve("/home/almohri/Downloads/vim/source/bin/vim-strace", ["/home/almohri/Downloads/vim/sour"..., "-u", "/home/almohri/.vimrc", "/home/almohri/Downloads/vim/inpu"...], [/* 51 vars */]) = 0
[          4d7cb7] uname({sys="Linux", node="bari", ...}) = 0
[          50c5fa] brk(0)               = 0x163c000
[          50c5fa] brk(0x163d1c0)       = 0x163d1c0
[          485a55] arch_prctl(ARCH_SET_FS, 0x163c880) = 0
[          50c5fa] brk(0x165e1c0)       = 0x165e1c0
[          50c5fa] brk(0x165f000)       = 0x165f000
[          4d9880] open("/usr/lib/locale/locale-archive", O_RDONLY|O_CLOEXEC) = 3
[          4d9794] fstat(3, {st_mode=S_IFREG|0644, st_size=3005808, ...}) = 0
[          4db88a] mmap(NULL, 3005808, PROT_READ, MAP_PRIVATE, 3, 0) = 0x7f1a6ec6c000
[          487885] close(3)             = 0
[          4da887] ioctl(1, SNDCTL_TMR_TIMEBASE or TCGETS, {B38400 opost isig icanon echo ...}) = 0
[          4d9e82] getcwd("/home/almohri/Downloads/vim/scripts", 1024) = 36
[          4d9dc7] chdir("/home/almohri") = 0
[          4d9e82] getcwd("/home/almohri", 1025) = 14
[          4d9dc7] chdir("/home/almohri/Downloads/vim/scripts") = 0
[          4d9745] stat("/vim/source/share/vim/vim58", 0x7fffc1865750) = -1 ENOENT (No such file or directory)
[          4d9745] stat("/vim/source/share/vim/runtime", 0x7fffc1865750) = -1 ENOENT (No such file or directory)
[          4eb932] rt_sigaction(SIGWINCH, {0x456842, [], SA_RESTORER, 0x4eb830}, {SIG_DFL, [], 0}, 8) = 0
[          4eba70] rt_sigprocmask(SIG_UNBLOCK, [WINCH], [], 8) = 0
[          4eb932] rt_sigaction(SIGTSTP, {SIG_DFL, [], SA_RESTORER, 0x4eb830}, {SIG_DFL, [], 0}, 8) = 0
[          4eba70] rt_sigprocmask(SIG_UNBLOCK, [TSTP], [], 8) = 0
[          4eb932] rt_sigaction(SIGPIPE, {SIG_IGN, [], SA_RESTORER, 0x4eb830}, {SIG_DFL, [], 0}, 8) = 0
[          4eba70] rt_sigprocmask(SIG_UNBLOCK, [PIPE], [], 8) = 0
[          4eb932] rt_sigaction(SIGINT, {0x456820, [], SA_RESTORER, 0x4eb830}, {SIG_DFL, [], 0}, 8) = 0
[          4eba70] rt_sigprocmask(SIG_UNBLOCK, [INT], [], 8) = 0
[          4eb932] rt_sigaction(SIGALRM, {SIG_IGN, [], SA_RESTORER, 0x4eb830}, {SIG_DFL, [], 0}, 8) = 0
[          4eba70] rt_sigprocmask(SIG_UNBLOCK, [ALRM], [], 8) = 0
[          4eb932] rt_sigaction(SIGHUP, {0x456bcc, [], SA_RESTORER, 0x4eb830}, {SIG_DFL, [], 0}, 8) = 0
[          4eba70] rt_sigprocmask(SIG_UNBLOCK, [HUP], [], 8) = 0
[          4eb932] rt_sigaction(SIGQUIT, {0x456bcc, [], SA_RESTORER, 0x4eb830}, {SIG_DFL, [], 0}, 8) = 0
[          4eba70] rt_sigprocmask(SIG_UNBLOCK, [QUIT], [], 8) = 0
[          4eb932] rt_sigaction(SIGILL, {0x456bcc, [], SA_RESTORER, 0x4eb830}, {SIG_DFL, [], 0}, 8) = 0
[          4eba70] rt_sigprocmask(SIG_UNBLOCK, [ILL], [], 8) = 0
[          4eb932] rt_sigaction(SIGTRAP, {0x456bcc, [], SA_RESTORER, 0x4eb830}, {SIG_DFL, [], 0}, 8) = 0
[          4eba70] rt_sigprocmask(SIG_UNBLOCK, [TRAP], [], 8) = 0
[          4eb932] rt_sigaction(SIGABRT, {0x456bcc, [], SA_RESTORER, 0x4eb830}, {SIG_DFL, [], 0}, 8) = 0
[          4eba70] rt_sigprocmask(SIG_UNBLOCK, [ABRT], [], 8) = 0
[          4eb932] rt_sigaction(SIGFPE, {0x456bcc, [], SA_RESTORER, 0x4eb830}, {SIG_DFL, [], 0}, 8) = 0
[          4eba70] rt_sigprocmask(SIG_UNBLOCK, [FPE], [], 8) = 0
[          4eb932] rt_sigaction(SIGBUS, {0x456bcc, [], SA_RESTORER, 0x4eb830}, {SIG_DFL, [], 0}, 8) = 0
[          4eba70] rt_sigprocmask(SIG_UNBLOCK, [BUS], [], 8) = 0
[          4eb932] rt_sigaction(SIGSEGV, {0x456bcc, [], SA_RESTORER, 0x4eb830}, {SIG_DFL, [], 0}, 8) = 0
[          4eba70] rt_sigprocmask(SIG_UNBLOCK, [SEGV], [], 8) = 0
[          4eb932] rt_sigaction(SIGSYS, {0x456bcc, [], SA_RESTORER, 0x4eb830}, {SIG_DFL, [], 0}, 8) = 0
[          4eba70] rt_sigprocmask(SIG_UNBLOCK, [SYS], [], 8) = 0
[          4eb932] rt_sigaction(SIGTERM, {0x456bcc, [], SA_RESTORER, 0x4eb830}, {SIG_DFL, [], 0}, 8) = 0
[          4eba70] rt_sigprocmask(SIG_UNBLOCK, [TERM], [], 8) = 0
[          4eb932] rt_sigaction(SIGVTALRM, {0x456bcc, [], SA_RESTORER, 0x4eb830}, {SIG_DFL, [], 0}, 8) = 0
[          4eba70] rt_sigprocmask(SIG_UNBLOCK, [VTALRM], [], 8) = 0
[          4eb932] rt_sigaction(SIGPROF, {0x456bcc, [], SA_RESTORER, 0x4eb830}, {SIG_DFL, [], 0}, 8) = 0
[          4eba70] rt_sigprocmask(SIG_UNBLOCK, [PROF], [], 8) = 0
[          4eb932] rt_sigaction(SIGXCPU, {0x456bcc, [], SA_RESTORER, 0x4eb830}, {SIG_DFL, [], 0}, 8) = 0
[          4eba70] rt_sigprocmask(SIG_UNBLOCK, [XCPU], [], 8) = 0
[          4eb932] rt_sigaction(SIGXFSZ, {0x456bcc, [], SA_RESTORER, 0x4eb830}, {SIG_DFL, [], 0}, 8) = 0
[          4eba70] rt_sigprocmask(SIG_UNBLOCK, [XFSZ], [], 8) = 0
[          4eb932] rt_sigaction(SIGUSR1, {0x456bcc, [], SA_RESTORER, 0x4eb830}, {SIG_DFL, [], 0}, 8) = 0
[          4eba70] rt_sigprocmask(SIG_UNBLOCK, [USR1], [], 8) = 0
[          4eb932] rt_sigaction(SIGUSR2, {0x456bcc, [], SA_RESTORER, 0x4eb830}, {SIG_DFL, [], 0}, 8) = 0
[          4eba70] rt_sigprocmask(SIG_UNBLOCK, [USR2], [], 8) = 0
[          4da887] ioctl(0, SNDCTL_TMR_TIMEBASE or TCGETS, {B38400 opost isig icanon echo ...}) = 0
[          4da887] ioctl(1, SNDCTL_TMR_TIMEBASE or TCGETS, {B38400 opost isig icanon echo ...}) = 0
[          4d9880] open("/usr/lib/x86_64-linux-gnu/gconv/gconv-modules.cache", O_RDONLY) = 3
[          4d9794] fstat(3, {st_mode=S_IFREG|0644, st_size=26258, ...}) = 0
[          4db88a] mmap(NULL, 26258, PROT_READ, MAP_SHARED, 3, 0) = 0x7f1a6ec65000
[          4ead51] close(3)             = 0
[          4d9745] stat("/home/almohri/.terminfo", 0x7fffc1863e50) = -1 ENOENT (No such file or directory)
[          4d9745] stat("/etc/terminfo", {st_mode=S_IFDIR|0755, st_size=4096, ...}) = 0
[          4d9b27] access("/etc/terminfo/x/xterm", R_OK) = -1 ENOENT (No such file or directory)
[          4d9745] stat("/lib/terminfo", {st_mode=S_IFDIR|0755, st_size=4096, ...}) = 0
[          4d9b27] access("/lib/terminfo/x/xterm", R_OK) = 0
[          4d9880] open("/lib/terminfo/x/xterm", O_RDONLY) = 3
[          4d9794] fstat(3, {st_mode=S_IFREG|0644, st_size=3213, ...}) = 0
[          4db88a] mmap(NULL, 4096, PROT_READ|PROT_WRITE, MAP_PRIVATE|MAP_ANONYMOUS, -1, 0) = 0x7f1a6ec64000
[          4d9a70] read(3, "\32\1\34\0&\0\17\0\235\1Z\5xterm|X11 terminal e"..., 4096) = 3213
[          4d9a70] read(3, "", 4096)    = 0
[          4d9a10] close(3)             = 0
[          4db8a7] munmap(0x7f1a6ec64000, 4096) = 0
[          4da887] ioctl(1, SNDCTL_TMR_TIMEBASE or TCGETS, {B38400 opost isig icanon echo ...}) = 0
[          4da887] ioctl(1, SNDCTL_TMR_TIMEBASE or TCGETS, {B38400 opost isig icanon echo ...}) = 0
[          4da9f7] ioctl(1, TIOCGWINSZ, {ws_row=24, ws_col=80, ws_xpixel=0, ws_ypixel=0}) = 0
[          4da887] ioctl(0, SNDCTL_TMR_TIMEBASE or TCGETS, {B38400 opost isig icanon echo ...}) = 0
[          4da9f7] ioctl(1, TIOCGWINSZ, {ws_row=24, ws_col=80, ws_xpixel=0, ws_ypixel=0}) = 0
[          4da9f7] ioctl(1, TIOCGWINSZ, {ws_row=24, ws_col=80, ws_xpixel=0, ws_ypixel=0}) = 0
[          4d9880] open("/home/almohri/.vimrc", O_RDONLY) = 3
[          4d9794] fstat(3, {st_mode=S_IFREG|0644, st_size=2216, ...}) = 0
[          4db88a] mmap(NULL, 4096, PROT_READ|PROT_WRITE, MAP_PRIVATE|MAP_ANONYMOUS, -1, 0) = 0x7f1a6ec64000
[          4d9a70] read(3, "\" All system-wide defaults are s"..., 4096) = 2216
[          4d9880] open("/vim/source/share/vim/syntax/syntax.vim", O_RDONLY) = -1 ENOENT (No such file or directory)
[          4d9ad0] write(2, "E", 1)     = 1
[          4d9ad0] write(2, "r", 1)     = 1
[          4d9ad0] write(2, "r", 1)     = 1
[          4d9ad0] write(2, "o", 1)     = 1
[          4d9ad0] write(2, "r", 1)     = 1
[          4d9ad0] write(2, " ", 1)     = 1
[          4d9ad0] write(2, "d", 1)     = 1
[          4d9ad0] write(2, "e", 1)     = 1
[          4d9ad0] write(2, "t", 1)     = 1
[          4d9ad0] write(2, "e", 1)     = 1
[          4d9ad0] write(2, "c", 1)     = 1
[          4d9ad0] write(2, "t", 1)     = 1
[          4d9ad0] write(2, "e", 1)     = 1
[          4d9ad0] write(2, "d", 1)     = 1
[          4d9ad0] write(2, " ", 1)     = 1
[          4d9ad0] write(2, "w", 1)     = 1
[          4d9ad0] write(2, "h", 1)     = 1
[          4d9ad0] write(2, "i", 1)     = 1
[          4d9ad0] write(2, "l", 1)     = 1
[          4d9ad0] write(2, "e", 1)     = 1
[          4d9ad0] write(2, " ", 1)     = 1
[          4d9ad0] write(2, "p", 1)     = 1
[          4d9ad0] write(2, "r", 1)     = 1
[          4d9ad0] write(2, "o", 1)     = 1
[          4d9ad0] write(2, "c", 1)     = 1
[          4d9ad0] write(2, "e", 1)     = 1
[          4d9ad0] write(2, "s", 1)     = 1
[          4d9ad0] write(2, "s", 1)     = 1
[          4d9ad0] write(2, "i", 1)     = 1
[          4d9ad0] write(2, "n", 1)     = 1
[          4d9ad0] write(2, "g", 1)     = 1
[          4d9ad0] write(2, " ", 1)     = 1
[          4d9ad0] write(2, "/", 1)     = 1
[          4d9ad0] write(2, "h", 1)     = 1
[          4d9ad0] write(2, "o", 1)     = 1
[          4d9ad0] write(2, "m", 1)     = 1
[          4d9ad0] write(2, "e", 1)     = 1
[          4d9ad0] write(2, "/", 1)     = 1
[          4d9ad0] write(2, "a", 1)     = 1
[          4d9ad0] write(2, "l", 1)     = 1
[          4d9ad0] write(2, "m", 1)     = 1
[          4d9ad0] write(2, "o", 1)     = 1
[          4d9ad0] write(2, "h", 1)     = 1
[          4d9ad0] write(2, "r", 1)     = 1
[          4d9ad0] write(2, "i", 1)     = 1
[          4d9ad0] write(2, "/", 1)     = 1
[          4d9ad0] write(2, ".", 1)     = 1
[          4d9ad0] write(2, "v", 1)     = 1
[          4d9ad0] write(2, "i", 1)     = 1
[          4d9ad0] write(2, "m", 1)     = 1
[          4d9ad0] write(2, "r", 1)     = 1
[          4d9ad0] write(2, "c", 1)     = 1
[          4d9ad0] write(2, ":", 1)     = 1
[          4d9ad0] write(1, "\33[?25l\33[J", 9) = 9
[          4d9ad0] write(2, "\r\n", 2)  = 2
[          4d9ad0] write(2, "l", 1)     = 1
[          4d9ad0] write(2, "i", 1)     = 1
[          4d9ad0] write(2, "n", 1)     = 1
[          4d9ad0] write(2, "e", 1)     = 1
[          4d9ad0] write(2, " ", 1)     = 1
[          4d9ad0] write(2, " ", 1)     = 1
[          4d9ad0] write(2, " ", 1)     = 1
[          4d9ad0] write(2, "2", 1)     = 1
[          4d9ad0] write(2, "1", 1)     = 1
[          4d9ad0] write(2, ":", 1)     = 1
[          4d9ad0] write(1, "\33[J", 3) = 3
[          4d9ad0] write(2, "\r\n", 2)  = 2
[          4d9ad0] write(2, "C", 1)     = 1
[          4d9ad0] write(2, "a", 1)     = 1
[          4d9ad0] write(2, "n", 1)     = 1
[          4d9ad0] write(2, "'", 1)     = 1
[          4d9ad0] write(2, "t", 1)     = 1
[          4d9ad0] write(2, " ", 1)     = 1
[          4d9ad0] write(2, "o", 1)     = 1
[          4d9ad0] write(2, "p", 1)     = 1
[          4d9ad0] write(2, "e", 1)     = 1
[          4d9ad0] write(2, "n", 1)     = 1
[          4d9ad0] write(2, " ", 1)     = 1
[          4d9ad0] write(2, "f", 1)     = 1
[          4d9ad0] write(2, "i", 1)     = 1
[          4d9ad0] write(2, "l", 1)     = 1
[          4d9ad0] write(2, "e", 1)     = 1
[          4d9ad0] write(2, " ", 1)     = 1
[          4d9ad0] write(2, "/", 1)     = 1
[          4d9ad0] write(2, "v", 1)     = 1
[          4d9ad0] write(2, "i", 1)     = 1
[          4d9ad0] write(2, "m", 1)     = 1
[          4d9ad0] write(2, "/", 1)     = 1
[          4d9ad0] write(2, "s", 1)     = 1
[          4d9ad0] write(2, "o", 1)     = 1
[          4d9ad0] write(2, "u", 1)     = 1
[          4d9ad0] write(2, "r", 1)     = 1
[          4d9ad0] write(2, "c", 1)     = 1
[          4d9ad0] write(2, "e", 1)     = 1
[          4d9ad0] write(2, "/", 1)     = 1
[          4d9ad0] write(2, "s", 1)     = 1
[          4d9ad0] write(2, "h", 1)     = 1
[          4d9ad0] write(2, "a", 1)     = 1
[          4d9ad0] write(2, "r", 1)     = 1
[          4d9ad0] write(2, "e", 1)     = 1
[          4d9ad0] write(2, "/", 1)     = 1
[          4d9ad0] write(2, "v", 1)     = 1
[          4d9ad0] write(2, "i", 1)     = 1
[          4d9ad0] write(2, "m", 1)     = 1
[          4d9ad0] write(2, "/", 1)     = 1
[          4d9ad0] write(2, "s", 1)     = 1
[          4d9ad0] write(2, "y", 1)     = 1
[          4d9ad0] write(2, "n", 1)     = 1
[          4d9ad0] write(2, "t", 1)     = 1
[          4d9ad0] write(2, "a", 1)     = 1
[          4d9ad0] write(2, "x", 1)     = 1
[          4d9ad0] write(2, "/", 1)     = 1
[          4d9ad0] write(2, "s", 1)     = 1
[          4d9ad0] write(2, "y", 1)     = 1
[          4d9ad0] write(2, "n", 1)     = 1
[          4d9ad0] write(2, "t", 1)     = 1
[          4d9ad0] write(2, "a", 1)     = 1
[          4d9ad0] write(2, "x", 1)     = 1
[          4d9ad0] write(2, ".", 1)     = 1
[          4d9ad0] write(2, "v", 1)     = 1
[          4d9ad0] write(2, "i", 1)     = 1
[          4d9ad0] write(2, "m", 1)     = 1
[          4d9ad0] write(1, "\33[J", 3) = 3
[          4d9745] stat("/etc/vim/vimrc.local", 0x7fffc1864e10) = -1 ENOENT (No such file or directory)
[          4d9880] open("/etc/vim/vimrc.local", O_RDONLY) = -1 ENOENT (No such file or directory)
[          4d9a70] read(3, "", 4096)    = 0
[          4d9a10] close(3)             = 0
[          4db8a7] munmap(0x7f1a6ec64000, 4096) = 0
[          4d9880] open(".", O_RDONLY)  = 3
[          4d9de7] fchdir(3)            = 0
[          4d9dc7] chdir("/home/almohri/Downloads/vim/inputs") = 0
[          4d9e82] getcwd("/home/almohri/Downloads/vim/inputs", 1024) = 35
[          4d9de7] fchdir(3)            = 0
[          4d9a10] close(3)             = 0
[          4d9745] stat("/home/almohri/Downloads/vim/inputs/copy1", {st_mode=S_IFREG|0700, st_size=1364, ...}) = 0
[          4da887] ioctl(0, SNDCTL_TMR_TIMEBASE or TCGETS, {B38400 opost isig icanon echo ...}) = 0
[          4da69f] ioctl(0, SNDCTL_TMR_TIMEBASE or TCGETS, {B38400 opost isig icanon echo ...}) = 0
[          4da735] ioctl(0, SNDCTL_TMR_START or TCSETS, {B38400 opost -isig -icanon -echo ...}) = 0
[          4da763] ioctl(0, SNDCTL_TMR_TIMEBASE or TCGETS, {B38400 opost -isig -icanon -echo ...}) = 0
[          4daa83] select(1, [0], NULL, [0], {0, 0}) = 0 (Timeout)
[          4d9ad0] write(1, "\33[>c", 4) = 4
[          4daa83] select(1, [0], NULL, [0], {0, 0}) = 0 (Timeout)
[          4d9ad0] write(1, "\33[?1049h\33[?1h\33=", 15) = 15
[          4d9ad0] write(1, "\33[1;24r\33[?12;25h\33[?12l\33[?25h", 28) = 28
[          4da69f] ioctl(0, SNDCTL_TMR_TIMEBASE or TCGETS, {B38400 opost -isig -icanon -echo ...}) = 0
[          4da735] ioctl(0, SNDCTL_TMR_START or TCSETS, {B38400 opost isig icanon -echo ...}) = 0
[          4da763] ioctl(0, SNDCTL_TMR_TIMEBASE or TCGETS, {B38400 opost isig icanon -echo ...}) = 0
[          4d7d70] nanosleep({1, 0}, NULL) = 0
[          4da69f] ioctl(0, SNDCTL_TMR_TIMEBASE or TCGETS, {B38400 opost isig icanon -echo ...}) = 0
[          4da735] ioctl(0, SNDCTL_TMR_START or TCSETS, {B38400 opost -isig -icanon -echo ...}) = 0
[          4da763] ioctl(0, SNDCTL_TMR_TIMEBASE or TCGETS, {B38400 opost -isig -icanon -echo ...}) = 0
[          4d85c7] getuid()             = 1000
[          4dcea7] socket(PF_FILE, SOCK_STREAM|SOCK_CLOEXEC|SOCK_NONBLOCK, 0) = 3
[          4dcda0] connect(3, {sa_family=AF_FILE, path="/var/run/nscd/socket"}, 110) = -1 ENOENT (No such file or directory)
[          4dfbe3] close(3)             = 0
[          4dcea7] socket(PF_FILE, SOCK_STREAM|SOCK_CLOEXEC|SOCK_NONBLOCK, 0) = 3
[          4dcda0] connect(3, {sa_family=AF_FILE, path="/var/run/nscd/socket"}, 110) = -1 ENOENT (No such file or directory)
[          4dfbe3] close(3)             = 0
[          4d9880] open("/etc/nsswitch.conf", O_RDONLY|O_CLOEXEC) = 3
[          4d9794] fstat(3, {st_mode=S_IFREG|0644, st_size=513, ...}) = 0
[          4db88a] mmap(NULL, 4096, PROT_READ|PROT_WRITE, MAP_PRIVATE|MAP_ANONYMOUS, -1, 0) = 0x7f1a6ec64000
[          4d9a70] read(3, "# /etc/nsswitch.conf\n#\n# Example"..., 4096) = 513
[          4d9a70] read(3, "", 4096)    = 0
[          4d9a10] close(3)             = 0
[          4db8a7] munmap(0x7f1a6ec64000, 4096) = 0
[          4d9880] open("/etc/ld.so.cache", O_RDONLY|O_CLOEXEC) = 3
[          4d9794] fstat(3, {st_mode=S_IFREG|0644, st_size=149470, ...}) = 0
[          4db88a] mmap(NULL, 149470, PROT_READ, MAP_PRIVATE, 3, 0) = 0x7f1a6ec40000
[          4d9a10] close(3)             = 0
[          4d9b27] access("/etc/ld.so.nohwcap", F_OK) = -1 ENOENT (No such file or directory)
[          4d9880] open("/lib/x86_64-linux-gnu/libnss_compat.so.2", O_RDONLY|O_CLOEXEC) = 3
[          4d9a70] read(3, "\177ELF\2\1\1\0\0\0\0\0\0\0\0\0\3\0>\0\1\0\0\0`\22\0\0\0\0\0\0"..., 832) = 832
[          4d9794] fstat(3, {st_mode=S_IFREG|0644, st_size=35680, ...}) = 0
[          4db88a] mmap(NULL, 2131240, PROT_READ|PROT_EXEC, MAP_PRIVATE|MAP_DENYWRITE, 3, 0) = 0x7f1a6ea37000
[          4db8c7] mprotect(0x7f1a6ea3f000, 2093056, PROT_NONE) = 0
[          4db88a] mmap(0x7f1a6ec3e000, 8192, PROT_READ|PROT_WRITE, MAP_PRIVATE|MAP_FIXED|MAP_DENYWRITE, 3, 0x7000) = 0x7f1a6ec3e000
[          4d9a10] close(3)             = 0
[          4d9b27] access("/etc/ld.so.nohwcap", F_OK) = -1 ENOENT (No such file or directory)
[          4d9880] open("/lib/x86_64-linux-gnu/libnsl.so.1", O_RDONLY|O_CLOEXEC) = 3
[          4d9a70] read(3, "\177ELF\2\1\1\0\0\0\0\0\0\0\0\0\3\0>\0\1\0\0\0`@\0\0\0\0\0\0"..., 832) = 832
[          4d9794] fstat(3, {st_mode=S_IFREG|0644, st_size=97248, ...}) = 0
[          4db88a] mmap(NULL, 2202328, PROT_READ|PROT_EXEC, MAP_PRIVATE|MAP_DENYWRITE, 3, 0) = 0x7f1a6e81d000
[          4db8c7] mprotect(0x7f1a6e834000, 2093056, PROT_NONE) = 0
[          4db88a] mmap(0x7f1a6ea33000, 8192, PROT_READ|PROT_WRITE, MAP_PRIVATE|MAP_FIXED|MAP_DENYWRITE, 3, 0x16000) = 0x7f1a6ea33000
[          4db88a] mmap(0x7f1a6ea35000, 6872, PROT_READ|PROT_WRITE, MAP_PRIVATE|MAP_FIXED|MAP_ANONYMOUS, -1, 0) = 0x7f1a6ea35000
[          4d9a10] close(3)             = 0
[          4d9b27] access("/etc/ld.so.nohwcap", F_OK) = -1 ENOENT (No such file or directory)
[          4d9880] open("/lib/x86_64-linux-gnu/libc.so.6", O_RDONLY|O_CLOEXEC) = 3
[          4d9a70] read(3, "\177ELF\2\1\1\0\0\0\0\0\0\0\0\0\3\0>\0\1\0\0\0\200\30\2\0\0\0\0\0"..., 832) = 832
[          4d9794] fstat(3, {st_mode=S_IFREG|0755, st_size=1815224, ...}) = 0
[          4db88a] mmap(NULL, 3929304, PROT_READ|PROT_EXEC, MAP_PRIVATE|MAP_DENYWRITE, 3, 0) = 0x7f1a6e45d000
[          4db8c7] mprotect(0x7f1a6e612000, 2097152, PROT_NONE) = 0
[          4db88a] mmap(0x7f1a6e812000, 24576, PROT_READ|PROT_WRITE, MAP_PRIVATE|MAP_FIXED|MAP_DENYWRITE, 3, 0x1b5000) = 0x7f1a6e812000
[          4db88a] mmap(0x7f1a6e818000, 17624, PROT_READ|PROT_WRITE, MAP_PRIVATE|MAP_FIXED|MAP_ANONYMOUS, -1, 0) = 0x7f1a6e818000
[          4d9a10] close(3)             = 0
[          4d9b27] access("/etc/ld.so.nohwcap", F_OK) = -1 ENOENT (No such file or directory)
[          4d9880] open("/lib/x86_64-linux-gnu/ld-linux-x86-64.so.2", O_RDONLY|O_CLOEXEC) = 3
[          4d9a70] read(3, "\177ELF\2\1\1\0\0\0\0\0\0\0\0\0\3\0>\0\1\0\0\0\260\26\0\0\0\0\0\0"..., 832) = 832
[          4d9794] fstat(3, {st_mode=S_IFREG|0755, st_size=149280, ...}) = 0
[          4db88a] mmap(NULL, 2245320, PROT_READ|PROT_EXEC, MAP_PRIVATE|MAP_DENYWRITE, 3, 0) = 0x7f1a6e238000
[          4db8c7] mprotect(0x7f1a6e25a000, 2097152, PROT_NONE) = 0
[          4db88a] mmap(0x7f1a6e45a000, 12288, PROT_READ|PROT_WRITE, MAP_PRIVATE|MAP_FIXED|MAP_DENYWRITE, 3, 0x22000) = 0x7f1a6e45a000
[          4d9a10] close(3)             = 0
[          4db8c7] mprotect(0x7f1a6e45a000, 4096, PROT_READ) = 0
[          4db8c7] mprotect(0x7f1a6e812000, 16384, PROT_READ) = 0
[          4db8c7] mprotect(0x7f1a6ea33000, 4096, PROT_READ) = 0
[          4db8c7] mprotect(0x7f1a6ec3e000, 4096, PROT_READ) = 0
[          4db8a7] munmap(0x7f1a6ec40000, 149470) = 0
[    7f1a6e54d7aa] mmap(NULL, 1048576, PROT_READ|PROT_WRITE, MAP_PRIVATE|MAP_ANONYMOUS, -1, 0) = 0x7f1a6e138000
[    7f1a6e543df0] open("/etc/nsswitch.conf", O_RDONLY|O_CLOEXEC) = 3
[    7f1a6e543994] fstat(3, {st_mode=S_IFREG|0644, st_size=513, ...}) = 0
[    7f1a6e54d7aa] mmap(NULL, 4096, PROT_READ|PROT_WRITE, MAP_PRIVATE|MAP_ANONYMOUS, -1, 0) = 0x7f1a6ec64000
[    7f1a6e543fe0] read(3, "# /etc/nsswitch.conf\n#\n# Example"..., 4096) = 513
[    7f1a6e543fe0] read(3, "", 4096)    = 0
[    7f1a6e543f80] close(3)             = 0
[    7f1a6e54d7d7] munmap(0x7f1a6ec64000, 4096) = 0
[          4d9880] open("/etc/ld.so.cache", O_RDONLY|O_CLOEXEC) = 3
[          4d9794] fstat(3, {st_mode=S_IFREG|0644, st_size=149470, ...}) = 0
[          4db88a] mmap(NULL, 149470, PROT_READ, MAP_PRIVATE, 3, 0) = 0x7f1a6ec40000
[          4d9a10] close(3)             = 0
[          4d9b27] access("/etc/ld.so.nohwcap", F_OK) = -1 ENOENT (No such file or directory)
[          4d9880] open("/lib/x86_64-linux-gnu/libnss_nis.so.2", O_RDONLY|O_CLOEXEC) = 3
[          4d9a70] read(3, "\177ELF\2\1\1\0\0\0\0\0\0\0\0\0\3\0>\0\1\0\0\0\260 \0\0\0\0\0\0"..., 832) = 832
[          4d9794] fstat(3, {st_mode=S_IFREG|0644, st_size=47680, ...}) = 0
[          4db88a] mmap(NULL, 2143552, PROT_READ|PROT_EXEC, MAP_PRIVATE|MAP_DENYWRITE, 3, 0) = 0x7f1a6df2c000
[          4db8c7] mprotect(0x7f1a6df36000, 2097152, PROT_NONE) = 0
[          4db88a] mmap(0x7f1a6e136000, 8192, PROT_READ|PROT_WRITE, MAP_PRIVATE|MAP_FIXED|MAP_DENYWRITE, 3, 0xa000) = 0x7f1a6e136000
[          4d9a10] close(3)             = 0
[          4d9b27] access("/etc/ld.so.nohwcap", F_OK) = -1 ENOENT (No such file or directory)
[          4d9880] open("/lib/x86_64-linux-gnu/libnss_files.so.2", O_RDONLY|O_CLOEXEC) = 3
[          4d9a70] read(3, "\177ELF\2\1\1\0\0\0\0\0\0\0\0\0\3\0>\0\1\0\0\0@!\0\0\0\0\0\0"..., 832) = 832
[          4d9794] fstat(3, {st_mode=S_IFREG|0644, st_size=52120, ...}) = 0
[          4db88a] mmap(NULL, 2148472, PROT_READ|PROT_EXEC, MAP_PRIVATE|MAP_DENYWRITE, 3, 0) = 0x7f1a6dd1f000
[          4db8c7] mprotect(0x7f1a6dd2b000, 2093056, PROT_NONE) = 0
[          4db88a] mmap(0x7f1a6df2a000, 8192, PROT_READ|PROT_WRITE, MAP_PRIVATE|MAP_FIXED|MAP_DENYWRITE, 3, 0xb000) = 0x7f1a6df2a000
[          4d9a10] close(3)             = 0
[          4db8c7] mprotect(0x7f1a6df2a000, 4096, PROT_READ) = 0
[          4db8c7] mprotect(0x7f1a6e136000, 4096, PROT_READ) = 0
[          4db8a7] munmap(0x7f1a6ec40000, 149470) = 0
[    7f1a6e543df0] open("/etc/passwd", O_RDONLY|O_CLOEXEC) = 3
[    7f1a6e551430] lseek(3, 0, SEEK_CUR) = 0
[    7f1a6e543994] fstat(3, {st_mode=S_IFREG|0644, st_size=2056, ...}) = 0
[    7f1a6e54d7aa] mmap(NULL, 2056, PROT_READ, MAP_SHARED, 3, 0) = 0x7f1a6ec64000
[    7f1a6e551430] lseek(3, 2056, SEEK_SET) = 2056
[    7f1a6e54d7d7] munmap(0x7f1a6ec64000, 2056) = 0
[    7f1a6e543f80] close(3)             = 0
[          4d9745] stat("/home/almohri/Downloads/vim/inputs/copy1", {st_mode=S_IFREG|0700, st_size=1364, ...}) = 0
[          4d7cb7] uname({sys="Linux", node="bari", ...}) = 0
[          4d85a9] getpid()             = 27603
[          4d9745] stat("/home/almohri/Downloads/vim/inputs/copy1", {st_mode=S_IFREG|0700, st_size=1364, ...}) = 0
[          4d9745] stat("/home/almohri/Downloads/vim/inputs/copy1", {st_mode=S_IFREG|0700, st_size=1364, ...}) = 0
[          4d9b27] access("/home/almohri/Downloads/vim/inputs/copy1", W_OK) = 0
[          4d9880] open("/home/almohri/Downloads/vim/inputs/copy1", O_RDONLY) = 3
[          4d9745] stat("/home/almohri/Downloads/vim/inputs/copy1", {st_mode=S_IFREG|0700, st_size=1364, ...}) = 0
[          4d9880] open("/home/almohri/Downloads/vim/inputs/.copy1.swp", O_RDONLY) = -1 ENOENT (No such file or directory)
[          4d9880] open("/home/almohri/Downloads/vim/inputs/.copy1.swp", O_RDWR|O_CREAT|O_EXCL, 0600) = 6
[          4d9880] open("/home/almohri/Downloads/vim/inputs/.copy1.swpx", O_RDONLY) = -1 ENOENT (No such file or directory)
[          4d9880] open("/home/almohri/Downloads/vim/inputs/.copy1.swpx", O_RDWR|O_CREAT|O_EXCL, 0600) = 7
[          4d9794] fstat(6, {st_mode=S_IFREG|0600, st_size=0, ...}) = 0
[          4d9794] fstat(7, {st_mode=S_IFREG|0600, st_size=0, ...}) = 0
[          4d9a10] close(7)             = 0
[          4da567] unlink("/home/almohri/Downloads/vim/inputs/.copy1.swpx") = 0
[          4d9a10] close(6)             = 0
[          4da567] unlink("/home/almohri/Downloads/vim/inputs/.copy1.swp") = 0
[          4d9745] stat("/home/almohri/Downloads/vim/inputs/.copy1.swp", 0x7fffc1864880) = -1 ENOENT (No such file or directory)
[          4da567] unlink("/home/almohri/Downloads/vim/inputs/.copy1.swp") = -1 ENOENT (No such file or directory)
[          4d9880] open("/home/almohri/Downloads/vim/inputs/.copy1.swp", O_RDWR|O_CREAT|O_EXCL, 0600) = 6
[          4dcd20] lseek(6, 0, SEEK_SET) = 0
[          4d9ad0] write(6, "b0VIM 5.8\0\0\0\0\20\0\0B\304\266SFA`\0\323k\0\0yaog"..., 4096) = 4096
[          4d9a10] close(3)             = 0
[          4d9880] open("/home/almohri/Downloads/vim/inputs/copy1", O_RDONLY) = 3
[          4d9ad0] write(1, "\33[H\33[2J\33[24;1H\"~/Downloads/vim/i"..., 44) = 44
[          50c5fa] brk(0)               = 0x165f000
[          50c5fa] brk(0x1680000)       = 0x1680000
[          4d9a70] read(3, "DSARITA ma\na;lkdjf ;lajd ;adkfj "..., 65536) = 1364
[          4daa83] select(1, [0], NULL, [0], {0, 0}) = 0 (Timeout)
[          4d9a70] read(3, "", 65536)   = 0
[          4d9a10] close(3)             = 0
[          4d9ad0] write(1, " 78 lines, 1364 characters", 26) = 26
[          4daa83] select(1, [0], NULL, [0], {0, 0}) = 0 (Timeout)
[          4d9e82] getcwd("/home/almohri/Downloads/vim/scripts", 1024) = 36
[          4daa83] select(1, [0], NULL, [0], {0, 0}) = 0 (Timeout)
[          4d9ad0] write(1, "\33[1;1HDSARITA ma\r\na;lkdjf ;lajd "..., 562) = 562
[          4daa83] select(1, [0], NULL, [0], {4, 0}) = 1 (in [0], left {3, 285})
[          4daa83] select(1, [0], NULL, [0], NULL) = 1 (in [0])
[          4d9a70] read(0, ":se lines=24\r:se columns=80\r:red"..., 250) = 74
[          4daa83] select(1, [0], NULL, [0], {0, 0}) = 0 (Timeout)
[          4daa83] select(1, [0], NULL, [0], {0, 0}) = 0 (Timeout)
[          4daa83] select(1, [0], NULL, [0], {0, 0}) = 0 (Timeout)
[          4daa83] select(1, [0], NULL, [0], {0, 0}) = 0 (Timeout)
[          4daa83] select(1, [0], NULL, [0], {0, 0}) = 0 (Timeout)
[          4daa83] select(1, [0], NULL, [0], {0, 0}) = 0 (Timeout)
[          4daa83] select(1, [0], NULL, [0], {0, 0}) = 0 (Timeout)
[          4daa83] select(1, [0], NULL, [0], {0, 0}) = 0 (Timeout)
[          4daa83] select(1, [0], NULL, [0], {0, 0}) = 0 (Timeout)
[          4daa83] select(1, [0], NULL, [0], {0, 0}) = 0 (Timeout)
[          4daa83] select(1, [0], NULL, [0], {0, 0}) = 0 (Timeout)
[          4daa83] select(1, [0], NULL, [0], {0, 0}) = 0 (Timeout)
[          4daa83] select(1, [0], NULL, [0], {0, 0}) = 0 (Timeout)
[          4d9ad0] write(1, "\33[?25l\33[24;1H\33[K\33[24;1H:se lines"..., 36) = 36
[          4daa83] select(1, [0], NULL, [0], {0, 0}) = 0 (Timeout)
[          4daa83] select(1, [0], NULL, [0], {0, 0}) = 0 (Timeout)
[          4daa83] select(1, [0], NULL, [0], {0, 0}) = 0 (Timeout)
[          4daa83] select(1, [0], NULL, [0], {0, 0}) = 0 (Timeout)
[          4daa83] select(1, [0], NULL, [0], {0, 0}) = 0 (Timeout)
[          4daa83] select(1, [0], NULL, [0], {0, 0}) = 0 (Timeout)
[          4daa83] select(1, [0], NULL, [0], {0, 0}) = 0 (Timeout)
[          4daa83] select(1, [0], NULL, [0], {0, 0}) = 0 (Timeout)
[          4daa83] select(1, [0], NULL, [0], {0, 0}) = 0 (Timeout)
[          4daa83] select(1, [0], NULL, [0], {0, 0}) = 0 (Timeout)
[          4daa83] select(1, [0], NULL, [0], {0, 0}) = 0 (Timeout)
[          4daa83] select(1, [0], NULL, [0], {0, 0}) = 0 (Timeout)
[          4daa83] select(1, [0], NULL, [0], {0, 0}) = 0 (Timeout)
[          4daa83] select(1, [0], NULL, [0], {0, 0}) = 0 (Timeout)
[          4daa83] select(1, [0], NULL, [0], {0, 0}) = 0 (Timeout)
[          4d9ad0] write(1, "\33[H\33[2J\33[1;1HDSARITA ma\r\na;lkdjf"..., 597) = 597
[          4daa83] select(1, [0], NULL, [0], {0, 0}) = 0 (Timeout)
[          4daa83] select(1, [0], NULL, [0], {0, 0}) = 0 (Timeout)
[          4daa83] select(1, [0], NULL, [0], {0, 0}) = 0 (Timeout)
[          4daa83] select(1, [0], NULL, [0], {0, 0}) = 0 (Timeout)
[          4daa83] select(1, [0], NULL, [0], {0, 0}) = 0 (Timeout)
[          4daa83] select(1, [0], NULL, [0], {0, 0}) = 0 (Timeout)
[          4daa83] select(1, [0], NULL, [0], {0, 0}) = 0 (Timeout)
[          4daa83] select(1, [0], NULL, [0], {0, 0}) = 0 (Timeout)
[          4daa83] select(1, [0], NULL, [0], {0, 0}) = 0 (Timeout)
[          4daa83] select(1, [0], NULL, [0], {0, 0}) = 0 (Timeout)
[          4daa83] select(1, [0], NULL, [0], {0, 0}) = 0 (Timeout)
[          4daa83] select(1, [0], NULL, [0], {0, 0}) = 0 (Timeout)
[          4daa83] select(1, [0], NULL, [0], {0, 0}) = 0 (Timeout)
[          4daa83] select(1, [0], NULL, [0], {0, 0}) = 0 (Timeout)
[          4daa83] select(1, [0], NULL, [0], {0, 0}) = 0 (Timeout)
[          4daa83] select(1, [0], NULL, [0], {0, 0}) = 0 (Timeout)
[          4daa83] select(1, [0], NULL, [0], {0, 0}) = 0 (Timeout)
[          4daa83] select(1, [0], NULL, [0], {0, 0}) = 0 (Timeout)
[          4daa83] select(1, [0], NULL, [0], {0, 0}) = 0 (Timeout)
[          4daa83] select(1, [0], NULL, [0], {0, 0}) = 0 (Timeout)
[          4daa83] select(1, [0], NULL, [0], {0, 0}) = 0 (Timeout)
[          4daa83] select(1, [0], NULL, [0], {0, 0}) = 0 (Timeout)
[          4daa83] select(1, [0], NULL, [0], {0, 0}) = 0 (Timeout)
[          4daa83] select(1, [0], NULL, [0], {0, 0}) = 0 (Timeout)
[          4daa83] select(1, [0], NULL, [0], {0, 0}) = 0 (Timeout)
[          4d9ad0] write(1, "\33[H\33[2J\33[1;1HDSARITA ma\r\na;lkdjf"..., 607) = 607
[          4d9745] stat("move_6.1.1.out", 0x7fffc1865440) = -1 ENOENT (No such file or directory)
[          4d9880] open("move_6.1.1.out", O_WRONLY|O_CREAT|O_APPEND, 0666) = 3
[          4d9794] fstat(3, {st_mode=S_IFREG|0644, st_size=0, ...}) = 0
[          4db88a] mmap(NULL, 4096, PROT_READ|PROT_WRITE, MAP_PRIVATE|MAP_ANONYMOUS, -1, 0) = 0x7f1a6ec64000
[          4d9794] fstat(3, {st_mode=S_IFREG|0644, st_size=0, ...}) = 0
[          4dcd20] lseek(3, 0, SEEK_SET) = 0
[          4daa83] select(1, [0], NULL, [0], {0, 0}) = 0 (Timeout)
[          4daa83] select(1, [0], NULL, [0], {0, 0}) = 0 (Timeout)
[          4daa83] select(1, [0], NULL, [0], {0, 0}) = 0 (Timeout)
[          4daa83] select(1, [0], NULL, [0], {0, 0}) = 0 (Timeout)
[          4d9ad0] write(1, "\33[1;1H\33[?12l\33[?25h\33[9C\7\33[?25l\33[2"..., 93) = 93
[          4daa83] select(1, [0], NULL, [0], {0, 0}) = 0 (Timeout)
[          4daa83] select(1, [0], NULL, [0], {0, 0}) = 0 (Timeout)
[          4d9ad0] write(1, "\33[1;10H\33[?12l\33[?25h\10\33[?25l\33[24;5"..., 46) = 46
[          4daa83] select(1, [0], NULL, [0], {0, 0}) = 0 (Timeout)
[          4daa83] select(1, [0], NULL, [0], {0, 0}) = 0 (Timeout)
[          4daa83] select(1, [0], NULL, [0], {0, 0}) = 0 (Timeout)
[          4daa83] select(1, [0], NULL, [0], {0, 0}) = 0 (Timeout)
[          4daa83] select(1, [0], NULL, [0], {0, 0}) = 0 (Timeout)
[          4daa83] select(1, [0], NULL, [0], {0, 0}) = 0 (Timeout)
[          4daa83] select(1, [0], NULL, [0], {0, 0}) = 0 (Timeout)
[          4daa83] select(1, [0], NULL, [0], {0, 0}) = 0 (Timeout)
[          4daa83] select(1, [0], NULL, [0], {0, 0}) = 0 (Timeout)
[          4daa83] select(1, [0], NULL, [0], {0, 0}) = 0 (Timeout)
[          4daa83] select(1, [0], NULL, [0], {0, 0}) = 0 (Timeout)
[          4d9ad0] write(1, "\33[1;9H\33[?12l\33[?25h\33[?25l\33[24;1H\33"..., 52) = 52
[          4d9ad0] write(3, "\n\"~/Downloads/vim/inputs/copy1\" "..., 116) = 116
[          4d9a10] close(3)             = 0
[          4db8a7] munmap(0x7f1a6ec64000, 4096) = 0
[          4daa83] select(1, [0], NULL, [0], {0, 0}) = 0 (Timeout)
[          4daa83] select(1, [0], NULL, [0], {0, 0}) = 0 (Timeout)
[          4daa83] select(1, [0], NULL, [0], {0, 0}) = 0 (Timeout)
[          4daa83] select(1, [0], NULL, [0], {0, 0}) = 0 (Timeout)
[          4d9ad0] write(1, "\33[1;9H\33[?12l\33[?25h\33[?25l\33[24;1H\33"..., 45) = 45
[          4da69f] ioctl(0, SNDCTL_TMR_TIMEBASE or TCGETS, {B38400 opost -isig -icanon -echo ...}) = 0
[          4da735] ioctl(0, SNDCTL_TMR_START or TCSETS, {B38400 opost isig icanon echo ...}) = 0
[          4da763] ioctl(0, SNDCTL_TMR_TIMEBASE or TCGETS, {B38400 opost isig icanon echo ...}) = 0
[          4d9ad0] write(1, "\"~/Downloads/vim/inputs/copy1\"", 30) = 30
[          4d9745] stat("/home/almohri/Downloads/vim/inputs/copy1", {st_mode=S_IFREG|0700, st_size=1364, ...}) = 0
[          4d9880] open("/home/almohri/Downloads/vim/inputs/copy1", O_RDONLY) = 3
[          4d9745] stat("/home/almohri/Downloads/vim/inputs/copy1~", 0x7fffc18632a0) = -1 ENOENT (No such file or directory)
[          4da567] unlink("/home/almohri/Downloads/vim/inputs/copy1~") = -1 ENOENT (No such file or directory)
[          4d9880] open("/home/almohri/Downloads/vim/inputs/copy1~", O_WRONLY|O_CREAT|O_EXCL, 0666) = 7
[          4d9837] chmod("/home/almohri/Downloads/vim/inputs/copy1~", 0700) = 0
[          4da527] fchown(7, 4294967295, 1000) = 0
[          4d9a70] read(3, "DSARITA ma\na;lkdjf ;lajd ;adkfj "..., 8192) = 1364
[          4d9ad0] write(7, "DSARITA ma\na;lkdjf ;lajd ;adkfj "..., 1364) = 1364
[          4d9a70] read(3, "", 8192)    = 0
[          4d9a10] close(7)             = 0
[          4d9717] utime("/home/almohri/Downloads/vim/inputs/copy1~", [2014/07/04-11:12:03, 2014/07/04-11:12:02]) = 0
[          4d9a10] close(3)             = 0
[          4d9880] open("/home/almohri/Downloads/vim/inputs/copy1", O_WRONLY|O_CREAT|O_TRUNC, 0666) = 3
[          4d9ad0] write(3, "DSARITA ma\na;lkdjf ;lajd ;adkfj "..., 1364) = 1364
[          4d9a10] close(3)             = 0
[          4d9837] chmod("/home/almohri/Downloads/vim/inputs/copy1", 0100700) = 0
[          4d9ad0] write(1, " 78 lines, 1364 characters writt"..., 34) = 34
[          4da567] unlink("/home/almohri/Downloads/vim/inputs/copy1~") = 0
[          4d9ad0] write(1, "\r\33[?1l\33>", 8) = 8
[          4d9ad0] write(1, "\33[?12l\33[?25h\33[?1049l", 20) = 20
[          4d9ad0] write(1, "\33[J", 3) = 3
[          4d9a10] close(6)             = 0
[          4da567] unlink("/home/almohri/Downloads/vim/inputs/.copy1.swp") = 0
[          50c5fa] brk(0)               = 0x1680000
[          50c5fa] brk(0)               = 0x1680000
[          50c5fa] brk(0x1670000)       = 0x1670000
[          50c5fa] brk(0)               = 0x1670000
[          4d80c8] exit_group(0)        = ?
