[    7f306de38477] execve("../source/sed.exe.static", ["../source/sed.exe.static", "-f", "../inputs/scr/s339_0.sed", "../inputs/default.in"], [/* 43 vars */]) = 0
[          482af7] uname({sys="Linux", node="xmenxk-OptiPlex-7010", ...}) = 0
[          48307a] brk(0)               = 0x1adc000
[          48307a] brk(0x1add1c0)       = 0x1add1c0
[          419935] arch_prctl(ARCH_SET_FS, 0x1adc880) = 0
[          48307a] brk(0x1afe1c0)       = 0x1afe1c0
[          48307a] brk(0x1aff000)       = 0x1aff000
[          461470] open("../inputs/scr/s339_0.sed", O_RDONLY) = 3
[          461424] fstat(3, {st_mode=S_IFREG|0644, st_size=79, ...}) = 0
[          462eaa] mmap(NULL, 4096, PROT_READ|PROT_WRITE, MAP_PRIVATE|MAP_ANONYMOUS, -1, 0) = 0x7f46c7d73000
[          461530] read(3, "#s/D with quit\n\n/o/{\n\ts/o/\\(\\)/g"..., 4096) = 79
[          461470] open("s339_0.wout", O_WRONLY|O_CREAT|O_TRUNC, 0666) = 4
[          461530] read(3, "", 4096)    = 0
[          4614d0] close(3)             = 0
[          462ec7] munmap(0x7f46c7d73000, 4096) = 0
[          461470] open("../inputs/default.in", O_RDONLY) = 3
[          461424] fstat(3, {st_mode=S_IFREG|0644, st_size=1741, ...}) = 0
[          462eaa] mmap(NULL, 4096, PROT_READ|PROT_WRITE, MAP_PRIVATE|MAP_ANONYMOUS, -1, 0) = 0x7f46c7d73000
[          461530] read(3, "..@ A BLACK AND WHITE POEM\n\ni se"..., 4096) = 1741
[          461424] fstat(1, {st_mode=S_IFREG|0664, st_size=0, ...}) = 0
[          462eaa] mmap(NULL, 4096, PROT_READ|PROT_WRITE, MAP_PRIVATE|MAP_ANONYMOUS, -1, 0) = 0x7f46c7d72000
[          461424] fstat(4, {st_mode=S_IFREG|0664, st_size=0, ...}) = 0
[          462eaa] mmap(NULL, 4096, PROT_READ|PROT_WRITE, MAP_PRIVATE|MAP_ANONYMOUS, -1, 0) = 0x7f46c7d71000
[          461590] write(4, "when ()bserved\n", 15) = 15
[          461590] write(4, "but c()unt white\n", 17) = 17
[          464340] lseek(3, -1578, SEEK_CUR) = 163
[          4614d0] close(3)             = 0
[          462ec7] munmap(0x7f46c7d73000, 4096) = 0
[          4614d0] close(4)             = 0
[          462ec7] munmap(0x7f46c7d71000, 4096) = 0
[          461590] write(1, "..@ A BLACK AND WHITE POEM\n\ni se"..., 158) = 158
[          4614d0] close(1)             = 0
[          462ec7] munmap(0x7f46c7d72000, 4096) = 0
[          45f6b8] exit_group(4)        = ?
